 Process in group number            0
 Warning: parameter  xmtcentral  not found
          setting it to default value    0.0000000000000000     
 Warning: parameter  d  not found
          setting it to default value    1.0000000000000000     
 Warning: parameter  fixed_couplings  not found
          setting it to default value  T
 Warning: parameter  lhaid   not found
          setting it to default value        10042
 A PDF is used, so alpha_s(MZ) is going to be modified
 Old value of alpha_s from param_card:   0.11799999999999995     
 New value of alpha_s from PDF cteq6l1:  0.13000000000000000     
 *****************************************************
 *               MadGraph/MadEvent                   *
 *        --------------------------------           *
 *          http://madgraph.hep.uiuc.edu             *
 *          http://madgraph.phys.ucl.ac.be           *
 *          http://madgraph.roma2.infn.it            *
 *        --------------------------------           *
 *                                                   *
 *          PARAMETER AND COUPLING VALUES            *
 *                                                   *
 *****************************************************

  External Params
  ---------------------------------
  
 aEWM1 =    132.50700000000001     
 Gf =    1.1663900000000000E-005
 aS =   0.11799999999999999     
 ymb =    4.2000000000000002     
 ymt =    164.50000000000000     
 ymtau =    1.7769999999999999     
 MT =    173.00000000000000     
 MB =    4.7000000000000002     
 MZ =    91.188000000000002     
 MH =    120.00000000000000     
 MTA =    1.7769999999999999     
 WT =    1.4915000000000000     
 WZ =    2.4414039999999999     
 WW =    2.0476000000000001     
 WH =    5.7530880000000000E-003
  Internal Params
  ---------------------------------
  
 sqrt__aS =   0.34351128074635334     
 G =    1.2177157847767195     
 CKM22 =    1.0000000000000000     
 complexi =  (  0.0000000000000000     ,  1.0000000000000000     )
 MZ__exp__2 =    8315.2513440000002     
 MZ__exp__4 =    69143404.913893819     
 sqrt__2 =    1.4142135623730951     
 MH__exp__2 =    14400.000000000000     
 aEW =    7.5467711139788835E-003
 MW =    80.419002445756163     
 sqrt__aEW =    8.6872153846781555E-002
 ee =   0.30795376724436879     
 MW__exp__2 =    6467.2159543705366     
 sw2 =   0.22224648578577760     
 cw =   0.88190334743339216     
 sqrt__sw2 =   0.47143025548407225     
 sw =   0.47143025548407225     
 g1 =   0.34919219678733304     
 gw =   0.65323293034758001     
 v =    246.21845810181634     
 v__exp__2 =    60623.529110035881     
 lam =   0.11876576810517751     
 yb =    2.4123686777011717E-002
 yt =   0.94484439876629223     
 ytau =    1.0206617000654719E-002
 muH =    84.852813742385706     
 gw__exp__2 =   0.42671326129048631     
 cw__exp__2 =   0.77775351421422234     
 ee__exp__2 =    9.4835522759998875E-002
 sw__exp__2 =   0.22224648578577760     
  Internal Params evaluated point by point
  ----------------------------------------
  
 G__exp__2 =    1.4828317324943818     
  Couplings of sm
  ---------------------------------
  
         GC_4 =  -0.12177E+01   0.00000E+00
         GC_5 =   0.00000E+00   0.12177E+01

 Collider parameters:
 --------------------

 Running at P P   machine @    14000.000000000000       GeV
 PDF set = cteq6l1
 alpha_s(Mz)= 0.1300 running at 1 loops.
 alpha_s(Mz)= 0.1300 running at 1 loops.
 Renormalization scale set on event-by-event basis
 Factorization   scale set on event-by-event basis


 getting user params
Enter number of events and iterations: 
 Number of events and iterations         2000           9
Enter desired fractional accuracy: 
 Desired fractional accuracy:   -2.1583999999999999     
Enter 0 for fixed, 2 for adjustable grid: 
Suppress amplitude (0 no, 1 yes)? 
 Using suppressed amplitude.
Exact helicity sum (0 yes, n = number/event)? 
 Explicitly summing over helicities
Enter Configuration Number: 
Running Configuration Number:    2
 Not subdividing B.W.
 Attempting mappinvarients           1           4
 Completed mapping           4
 about to integrate            4        2000           9           4           1
 Using non-zero grid deformation.
  4 dimensions   2000 events  4 invarients  9 iterations  1 config(s),  (0.99)
 Using h-tuple random number sequence.
 Error opening grid
 Using Uniform Grid!
 Using uniform alpha   1.0000000000000000     
 Grid defined OK
 Mapping Graph           2  to config           2
Setting grid   1    0.15270E-03   1
 Transforming s_hat 1/s            3   6.1079591836734693E-004
 Masses: 0.000E+00 0.000E+00 0.173E+03 0.173E+03
   2   1   2   3   4
 Got moffset           2
Using random seed offsets     2 :      1
  with seed      719900
 Ranmar initialization seeds       29841       15710
  Particle       3       4
      Et >     0.0     0.0
       E >     0.0     0.0
     Eta <   100.0   100.0
   xqcut:      0.0     0.0
d R # 3  >    -0.0     0.0
s min # 3>     0.0     0.0
xqcutij # 3>     0.0     0.0
 alpha_s for scale    183.32615946557797       is   0.11703547221634372     
 Added good helicity            1   5.9208679812077696     
 Added good helicity            2   2.1747593854922354E-005
 Added good helicity            3   2.1747593854922425E-005
 Added good helicity            4  0.78835254653190434     
 Added good helicity            5  0.11815774847077937     
 Added good helicity            6   1.0323898892325853     
 Added good helicity            7   2.2030590898471029E-002
 Added good helicity            8  0.11815774847077941     
 Added good helicity            9  0.11815774847077944     
 Added good helicity           10   2.2030590898471026E-002
 Added good helicity           11   1.0323898892325856     
 Added good helicity           12  0.11815774847077938     
 Added good helicity           13  0.78835254653190434     
 Added good helicity           14   2.1747593854922221E-005
 Added good helicity           15   2.1747593854922265E-005
 Added good helicity           16   5.9208679812077705     
 Iteration  1   Mean: 0.4196E+03   Fluctuation:  0.133E+02   0.436E+04    91.7%
  1   0.4196E+03 +- 0.1330E+02      1.42
 Writing out events   2.5406723843928093E-002   1.4179846752832956     
 Relative summed weights:
  0.5146E+00  0.0000E+00
  0.4854E+00  0.0000E+00
 Relative number of events:
  0.5055E+00  0.0000E+00
  0.4945E+00  0.0000E+00
 Events:
        1011           0
         989           0
 Iteration  2   Mean: 0.4291E+03   Fluctuation:  0.572E+01   0.173E+04    86.5%
  2   0.4291E+03 +- 0.5717E+01      0.84
 Relative summed weights:
  0.4835E+00  0.0000E+00
  0.5165E+00  0.0000E+00
 Relative number of events:
  0.4905E+00  0.0000E+00
  0.5095E+00  0.0000E+00
 Events:
        1962           0
        2038           0
 Iteration  3   Mean: 0.4266E+03   Fluctuation:  0.319E+01   0.107E+04    85.9%
  3   0.4266E+03 +- 0.3190E+01      0.67
 Relative summed weights:
  0.5062E+00  0.0000E+00
  0.4938E+00  0.0000E+00
 Relative number of events:
  0.5031E+00  0.0000E+00
  0.4969E+00  0.0000E+00
 Events:
        4025           0
        3975           0
 Found          925  events.
 Wrote          920  events.
 Correct xsec    426.89819819825448     
 Event xsec    426.89819819826266     
 Events wgts > 1:            0
 % Cross section > 1:    0.0000000000000000        0.0000000000000000     
 Checking number of events   921.41707099111238              920  chi2:   0.23313397752442333     
 Found          925  events.
 Wrote          920  events.
 Correct xsec    426.89819819825448     
 Event xsec    426.89819819826266     
 Events wgts > 1:            0
 % Cross section > 1:    0.0000000000000000        0.0000000000000000     
 Iteration  4   Mean: 0.4261E+03   Fluctuation:  0.203E+01   0.941E+03    85.4%
  4   0.4261E+03 +- 0.2027E+01      0.60
 Relative summed weights:
  0.4983E+00  0.0000E+00
  0.5017E+00  0.0000E+00
 Relative number of events:
  0.4981E+00  0.0000E+00
  0.5019E+00  0.0000E+00
 Events:
        7970           0
        8030           0
 Found         1884  events.
 Wrote         1879  events.
 Correct xsec    426.49747460880837     
 Event xsec    426.49747460882139     
 Events wgts > 1:            0
 % Cross section > 1:    0.0000000000000000        0.0000000000000000     
 Checking number of events   920.55214919565196             1879  chi2:   0.12453380883526842     

 -------------------------------------------------------------------------------
 Accumulated results:   Integral =  0.4264E+03
                        Std dev  =  0.1627E+01
             Chi**2 per DoF.     =      0.1704
 -------------------------------------------------------------------------------
-----------------------------------------------------
---------------------------
 Results Last 3 iters:  Integral =   0.4265E+03
                         Std dev =   0.1639E+01
                 Chi**2 per DoF. =      0.1245
-----------------------------------------------------
---------------------------
 Status  -2.1583999999999999                5           9
 We found enough events        1879   920.55214919565196     
