 Process in group number            0
 Warning: parameter  xmtcentral  not found
          setting it to default value    0.0000000000000000     
 Warning: parameter  d  not found
          setting it to default value    1.0000000000000000     
 Warning: parameter  fixed_couplings  not found
          setting it to default value  T
 Warning: parameter  lhaid   not found
          setting it to default value        10042
 A PDF is used, so alpha_s(MZ) is going to be modified
 Old value of alpha_s from param_card:   0.11799999999999995     
 New value of alpha_s from PDF cteq6l1:  0.13000000000000000     
 *****************************************************
 *               MadGraph/MadEvent                   *
 *        --------------------------------           *
 *          http://madgraph.hep.uiuc.edu             *
 *          http://madgraph.phys.ucl.ac.be           *
 *          http://madgraph.roma2.infn.it            *
 *        --------------------------------           *
 *                                                   *
 *          PARAMETER AND COUPLING VALUES            *
 *                                                   *
 *****************************************************

  External Params
  ---------------------------------
  
 aEWM1 =    132.50700000000001     
 Gf =    1.1663900000000000E-005
 aS =   0.11799999999999999     
 ymb =    4.2000000000000002     
 ymt =    164.50000000000000     
 ymtau =    1.7769999999999999     
 MT =    173.00000000000000     
 MB =    4.7000000000000002     
 MZ =    91.188000000000002     
 MH =    120.00000000000000     
 MTA =    1.7769999999999999     
 WT =    1.4915000000000000     
 WZ =    2.4414039999999999     
 WW =    2.0476000000000001     
 WH =    5.7530880000000000E-003
  Internal Params
  ---------------------------------
  
 sqrt__aS =   0.34351128074635334     
 G =    1.2177157847767195     
 CKM22 =    1.0000000000000000     
 complexi =  (  0.0000000000000000     ,  1.0000000000000000     )
 MZ__exp__2 =    8315.2513440000002     
 MZ__exp__4 =    69143404.913893804     
 sqrt__2 =    1.4142135623730951     
 MH__exp__2 =    14400.000000000000     
 aEW =    7.5467711139788835E-003
 MW =    80.419002445756163     
 sqrt__aEW =    8.6872153846781555E-002
 ee =   0.30795376724436879     
 MW__exp__2 =    6467.2159543705357     
 sw2 =   0.22224648578577766     
 cw =   0.88190334743339216     
 sqrt__sw2 =   0.47143025548407230     
 sw =   0.47143025548407230     
 g1 =   0.34919219678733299     
 gw =   0.65323293034757990     
 v =    246.21845810181637     
 v__exp__2 =    60623.529110035903     
 lam =   0.11876576810517747     
 yb =    2.4123686777011714E-002
 yt =   0.94484439876629200     
 ytau =    1.0206617000654717E-002
 muH =    84.852813742385706     
 gw__exp__2 =   0.42671326129048615     
 cw__exp__2 =   0.77775351421422245     
 ee__exp__2 =    9.4835522759998875E-002
 sw__exp__2 =   0.22224648578577769     
  Internal Params evaluated point by point
  ----------------------------------------
  
 G__exp__2 =    1.4828317324943818     
  Couplings of sm
  ---------------------------------
  
         GC_1 =  -0.00000E+00  -0.10265E+00
         GC_2 =   0.00000E+00   0.20530E+00
         GC_3 =  -0.00000E+00  -0.30795E+00
        GC_21 =  -0.00000E+00  -0.28804E+00
        GC_22 =   0.00000E+00   0.28804E+00
        GC_23 =  -0.00000E+00  -0.27437E-01
        GC_24 =   0.00000E+00   0.82310E-01

 Collider parameters:
 --------------------

 Running at P P   machine @    8000.0000000000000       GeV
 PDF set = cteq6l1
 alpha_s(Mz)= 0.1300 running at 1 loops.
 alpha_s(Mz)= 0.1300 running at 1 loops.
 Renormalization scale set on event-by-event basis
 Factorization   scale set on event-by-event basis


 getting user params
Enter number of events and iterations: 
 Number of events and iterations         2000           9
Enter desired fractional accuracy: 
 Desired fractional accuracy:   -3.0895999999999999     
Enter 0 for fixed, 2 for adjustable grid: 
Suppress amplitude (0 no, 1 yes)? 
 Using suppressed amplitude.
Exact helicity sum (0 yes, n = number/event)? 
 Explicitly summing over helicities
Enter Configuration Number: 
Running Configuration Number:    2
 Not subdividing B.W.
 Attempting mappinvarients           1           4
 Completed mapping           4
 about to integrate            4        2000           9           4           1
 Using non-zero grid deformation.
  4 dimensions   2000 events  4 invarients  9 iterations  1 config(s),  (0.99)
 Using h-tuple random number sequence.
 Error opening grid
 Using Uniform Grid!
 Using uniform alpha   1.0000000000000000     
 Grid defined OK
 Mapping Graph           2  to config           2
 Setting PDF BW           3           1   91.188000000000002     
 Transforming s_hat BW    1.2992580224999999E-004   3.4785429367500000E-006
 Masses: 0.000E+00 0.000E+00 0.000E+00 0.000E+00
   2   1   2   3   4
 Got moffset          11
Using random seed offsets     2 :      1
  with seed      782500
 Ranmar initialization seeds        2198       14044
  Particle       3       4
      Et >    30.0    30.0
       E >     0.0     0.0
     Eta <     2.5     2.5
   xqcut:      0.0     0.0
d R # 3  >    -0.0     0.4
s min # 3>     0.0  6400.0
xqcutij # 3>     0.0     0.0
 No cut BW           -1           1
 alpha_s for scale    91.054333870042797       is   0.13003025635890003     
 Added good helicity            6   10.826705047484138     
 Added good helicity            7   1.9220585064928644     
 Added good helicity           10  0.21698091092624003     
 Added good helicity           11   3.0342555350967602     
 Added good helicity            6   3.7411214660077765     
 Added good helicity            7   11.845514734655156     
 Added good helicity           10  0.24095654984588150     
 Added good helicity           11  0.17240724949118674     
 Added good helicity            6   7.1434140831905779     
 Added good helicity            7   6.1961400482576838     
 Added good helicity           10  0.76405516819235808     
 Added good helicity           11   1.8963907003593810     
 Added good helicity            6   11.383962811659874     
 Added good helicity            7   3.9267021615105393     
 Added good helicity           10   6.0656922074191016E-002
 Added good helicity           11  0.62867810475539654     
 Iteration  1   Mean: 0.3194E+03   Fluctuation:  0.722E+01   0.735E+03    32.5%
  1   0.3194E+03 +- 0.7219E+01      1.01
 Writing out events   5.4521123365343420E-002   1.0107941892722201     
 Relative summed weights:
  0.2065E+00  0.2333E+00  0.2643E+00  0.2960E+00
 Relative number of events:
  0.2295E+00  0.2550E+00  0.2420E+00  0.2735E+00
 Events:
         459         510         484         547
 Iteration  2   Mean: 0.3187E+03   Fluctuation:  0.379E+01   0.724E+03    70.9%
  2   0.3187E+03 +- 0.3787E+01      0.75
 Relative summed weights:
  0.2264E+00  0.2211E+00  0.2714E+00  0.2811E+00
 Relative number of events:
  0.2530E+00  0.2477E+00  0.2465E+00  0.2527E+00
 Events:
        1012         991         986        1011
 Iteration  3   Mean: 0.3223E+03   Fluctuation:  0.251E+01   0.746E+03    74.6%
  3   0.3223E+03 +- 0.2514E+01      0.70
 Relative summed weights:
  0.2211E+00  0.2198E+00  0.2843E+00  0.2747E+00
 Relative number of events:
  0.2489E+00  0.2472E+00  0.2561E+00  0.2477E+00
 Events:
        1991        1978        2049        1982
 Found         1111  events.
 Wrote         1106  events.
 Correct xsec    321.08046644421887     
 Event xsec    321.08046644421540     
 Events wgts > 1:            0
 % Cross section > 1:    0.0000000000000000        0.0000000000000000     
 Checking number of events   992.01020912605861             1106  chi2:   0.33193965901589645     

 -------------------------------------------------------------------------------
 Accumulated results:   Integral =  0.3211E+03
                        Std dev  =  0.2012E+01
             Chi**2 per DoF.     =      0.3298
 -------------------------------------------------------------------------------
-----------------------------------------------------
---------------------------
 Results Last 3 iters:  Integral =   0.3211E+03
                         Std dev =   0.2012E+01
                 Chi**2 per DoF. =      0.3319
-----------------------------------------------------
---------------------------
 Status  -3.0895999999999999                4           9
 We found enough events        1106   992.01020912605861     
