 Process in group number            0
 Warning: parameter  xmtcentral  not found
          setting it to default value    0.0000000000000000     
 Warning: parameter  d  not found
          setting it to default value    1.0000000000000000     
 Warning: parameter  fixed_couplings  not found
          setting it to default value  T
 Warning: parameter  lhaid   not found
          setting it to default value        10042
 A PDF is used, so alpha_s(MZ) is going to be modified
 Old value of alpha_s from param_card:   0.11799999999999995     
 New value of alpha_s from PDF cteq6l1:  0.13000000000000000     
 *****************************************************
 *               MadGraph/MadEvent                   *
 *        --------------------------------           *
 *          http://madgraph.hep.uiuc.edu             *
 *          http://madgraph.phys.ucl.ac.be           *
 *          http://madgraph.roma2.infn.it            *
 *        --------------------------------           *
 *                                                   *
 *          PARAMETER AND COUPLING VALUES            *
 *                                                   *
 *****************************************************

  External Params
  ---------------------------------
  
 aEWM1 =    132.50700000000001     
 Gf =    1.1663900000000000E-005
 aS =   0.11799999999999999     
 ymb =    4.2000000000000002     
 ymt =    164.50000000000000     
 ymtau =    1.7769999999999999     
 MT =    173.00000000000000     
 MB =    4.7000000000000002     
 MZ =    91.188000000000002     
 MH =    120.00000000000000     
 MTA =    1.7769999999999999     
 WT =    1.4915000000000000     
 WZ =    2.4414039999999999     
 WW =    2.0476000000000001     
 WH =    5.7530880000000000E-003
  Internal Params
  ---------------------------------
  
 sqrt__aS =   0.34351128074635334     
 G =    1.2177157847767195     
 CKM22 =    1.0000000000000000     
 complexi =  (  0.0000000000000000     ,  1.0000000000000000     )
 MZ__exp__2 =    8315.2513440000002     
 MZ__exp__4 =    69143404.913893819     
 sqrt__2 =    1.4142135623730951     
 MH__exp__2 =    14400.000000000000     
 aEW =    7.5467711139788835E-003
 MW =    80.419002445756163     
 sqrt__aEW =    8.6872153846781555E-002
 ee =   0.30795376724436879     
 MW__exp__2 =    6467.2159543705366     
 sw2 =   0.22224648578577760     
 cw =   0.88190334743339216     
 sqrt__sw2 =   0.47143025548407225     
 sw =   0.47143025548407225     
 g1 =   0.34919219678733304     
 gw =   0.65323293034758001     
 v =    246.21845810181634     
 v__exp__2 =    60623.529110035881     
 lam =   0.11876576810517751     
 yb =    2.4123686777011717E-002
 yt =   0.94484439876629223     
 ytau =    1.0206617000654719E-002
 muH =    84.852813742385706     
 gw__exp__2 =   0.42671326129048631     
 cw__exp__2 =   0.77775351421422234     
 ee__exp__2 =    9.4835522759998875E-002
 sw__exp__2 =   0.22224648578577760     
  Internal Params evaluated point by point
  ----------------------------------------
  
 G__exp__2 =    1.4828317324943818     
  Couplings of sm
  ---------------------------------
  
         GC_4 =  -0.12177E+01   0.00000E+00
         GC_5 =   0.00000E+00   0.12177E+01

 Collider parameters:
 --------------------

 Running at P Pb  machine @    13000.000000000000       GeV
 PDF set = cteq6l1
 alpha_s(Mz)= 0.1300 running at 1 loops.
 alpha_s(Mz)= 0.1300 running at 1 loops.
 Renormalization scale set on event-by-event basis
 Factorization   scale set on event-by-event basis


 getting user params
Enter number of events and iterations: 
 Number of events and iterations         1000           5
Enter desired fractional accuracy: 
 Desired fractional accuracy:   0.10000000000000001     
Enter 0 for fixed, 2 for adjustable grid: 
Suppress amplitude (0 no, 1 yes)? 
 Using suppressed amplitude.
Exact helicity sum (0 yes, n = number/event)? 
 Explicitly summing over helicities
Enter Configuration Number: 
Running Configuration Number:    1
 Not subdividing B.W.
 Attempting mappinvarients           1           4
 Completed mapping           4
 about to integrate            4        1000           5           4           1
 Using non-zero grid deformation.
  4 dimensions   1000 events  4 invarients  5 iterations  1 config(s),  (0.99)
 Using h-tuple random number sequence.
 Error opening grid
 Using Uniform Grid!
 Using uniform alpha   1.0000000000000000     
 Grid defined OK
 Mapping Graph           1  to config           1
Setting grid   1    0.70838E-03   1
 Transforming s_hat 1/s            3   7.0837869822485203E-004
 Masses: 0.000E+00 0.000E+00 0.173E+03 0.173E+03
   1   1   2   3   4
Using random seed offsets     1 :      1
  with seed     1032900
 Ranmar initialization seeds       11949        9406
  Particle       3       4
      Et >     0.0     0.0
       E >     0.0     0.0
     Eta <   100.0   100.0
   xqcut:      0.0     0.0
d R # 3  >    -0.0     0.0
s min # 3>     0.0     0.0
xqcutij # 3>     0.0     0.0
 alpha_s for scale    317.29299441414992       is   0.10853329109033957     
 Added good helicity            1   2.5984696122008093     
 Added good helicity            2   1.1313294864521700E-006
 Added good helicity            3   1.1313294864521969E-006
 Added good helicity            4   5.3282544075136263E-003
 Added good helicity            5  0.13064576676427925     
 Added good helicity            6   5.0109622440313730     
 Added good helicity            7  0.12394609317277032     
 Added good helicity            8  0.13064576676427925     
 Added good helicity            9  0.13064576676427925     
 Added good helicity           10  0.12394609317277032     
 Added good helicity           11   5.0109622440313748     
 Added good helicity           12  0.13064576676427925     
 Added good helicity           13   5.3282544075136237E-003
 Added good helicity           14   1.1313294864521772E-006
 Added good helicity           15   1.1313294864521626E-006
 Added good helicity           16   2.5984696122008089     
 Iteration  1   Mean: 0.4313E+02   Fluctuation:  0.393E+01   0.128E+04    99.9%
  1   0.4313E+02 +- 0.3932E+01      2.88
 Writing out events   8.6356258156928996E-003   2.8823020484618476     
 Relative summed weights:
  0.1000E+01  0.0000E+00
 Relative number of events:
  0.1000E+01  0.0000E+00
 Events:
        1000           0
 Iteration  2   Mean: 0.4319E+02   Fluctuation:  0.122E+01   0.390E+03    99.9%
  2   0.4319E+02 +- 0.1216E+01      1.26
 Relative summed weights:
  0.1000E+01  0.0000E+00
 Relative number of events:
  0.1000E+01  0.0000E+00
 Events:
        2000           0
 Iteration  3   Mean: 0.4358E+02   Fluctuation:  0.499E+00   0.187E+03   100.0%
  3   0.4358E+02 +- 0.4985E+00      0.72
 Relative summed weights:
  0.1000E+01  0.0000E+00
 Relative number of events:
  0.1000E+01  0.0000E+00
 Events:
        4000           0
 Accuracy:    0.002   0.100   0.011   0.048
 Finished due to accuracy    2.3145574681926102E-003  0.10000000000000001     

 -------------------------------------------------------------------------------
 Accumulated results:   Integral =  0.4352E+02
                        Std dev  =  0.4581E+00
             Chi**2 per DoF.     =      0.0483
 -------------------------------------------------------------------------------
 Found          402  events.
 Wrote          397  events.
 Correct xsec    43.521008985317010     
 Event xsec    43.521008985317266     
 Events wgts > 1:            0
 % Cross section > 1:    0.0000000000000000        0.0000000000000000     
-----------------------------------------------------
---------------------------
 Results Last 3 iters:  Integral =   0.4352E+02
                         Std dev =   0.4581E+00
                 Chi**2 per DoF. =      0.0490
-----------------------------------------------------
---------------------------
 Status  0.10000000000000001                4           5
