 Process in group number            0
 Warning: parameter  xmtcentral  not found
          setting it to default value    0.0000000000000000     
 Warning: parameter  d  not found
          setting it to default value    1.0000000000000000     
 Warning: parameter  fixed_couplings  not found
          setting it to default value  T
 Warning: parameter  lhaid   not found
          setting it to default value        10042
 A PDF is used, so alpha_s(MZ) is going to be modified
 Warning: parameter WH1 not found
          setting it to default value    5.7530880000000000E-003
 Old value of alpha_s from param_card:   0.11799999999999995     
 New value of alpha_s from PDF cteq6l1:  0.13000000000000000     
 Warning: parameter WH1 not found
          setting it to default value    5.7530880000000000E-003
 *****************************************************
 *               MadGraph/MadEvent                   *
 *        --------------------------------           *
 *          http://madgraph.hep.uiuc.edu             *
 *          http://madgraph.phys.ucl.ac.be           *
 *          http://madgraph.roma2.infn.it            *
 *        --------------------------------           *
 *                                                   *
 *          PARAMETER AND COUPLING VALUES            *
 *                                                   *
 *****************************************************

  External Params
  ---------------------------------
  
 MB =    4.7000000000000002     
 MT =    174.30000000000001     
 MTA =    1.7769999999999999     
 MZ =    91.188000000000002     
 MH =    135.00000000000000     
 aEWM1 =    132.50698000000000     
 Gf =    1.1663900000000000E-005
 aS =   0.11799999999999999     
 ymb =    4.2000000000000002     
 ymt =    164.50000000000000     
 ymtau =    1.7769999999999999     
 WT =    1.5083364900000000     
 WZ =    2.4414035100000002     
 WW =    2.0475995100000000     
 WH =    8.5559309500000003E-003
 WH1 =    5.7530880000000000E-003
  Internal Params
  ---------------------------------
  
 sqrt__aS =   0.34351128074635334     
 G =    1.2177157847767195     
 MP =    135.00000000000000     
 complexi =  (  0.0000000000000000     ,  1.0000000000000000     )
 MZ__exp__2 =    8315.2513440000002     
 MZ__exp__4 =    69143404.913893804     
 sqrt__2 =    1.4142135623730951     
 MH__exp__4 =    332150625.00000000     
 MT__exp__4 =    922974172.64010036     
 MH__exp__2 =    18225.000000000000     
 MT__exp__2 =    30380.490000000005     
 MH__exp__12 =    3.6644198070556425E+025
 MH__exp__10 =    2.0106555868618065E+021
 MH__exp__8 =    1.1032403768789062E+017
 MH__exp__6 =    6053445140625.0000     
 MT__exp__6 =    28040407622150.848     
 aEW =    7.5467722530541412E-003
 MW =    80.419000017663180     
 sqrt__aEW =    8.6872160402824916E-002
 ee =   0.30795379048493737     
 MW__exp__2 =    6467.2155638409104     
 sw2 =   0.22224653275124018     
 cw =   0.88190332080606193     
 sqrt__sw2 =   0.47143030529574587     
 sw =   0.47143030529574587     
 g1 =   0.34919223368324182     
 gw =   0.65323291062450139     
 v =    246.21845810181640     
 ee__exp__2 =    9.4835537074040702E-002
 MW__exp__12 =    7.3165108672445542E+022
 MW__exp__10 =    1.1313231784250661E+019
 MW__exp__8 =    1749320348544510.0     
 MW__exp__6 =    270490496454.95041     
 MW__exp__4 =    41824877.149186105     
 AH =    3.3356216321858061E-005
 v__exp__2 =    60623.529110035917     
 lam =   0.15031292525811521     
 yb =    2.4123686777011710E-002
 yt =   0.94484439876629189     
 ytau =    1.0206617000654715E-002
 muH =    95.459415460183919     
 gw__exp__2 =   0.42671323552295781     
 cw__exp__2 =   0.77775346724875982     
 sw__exp__2 =   0.22224653275124015     
  Internal Params evaluated point by point
  ----------------------------------------
  
 G__exp__2 =    1.4828317324943818     
 GH =   -5.2746764745514073E-005
 Gphi =   -8.0422328192236676E-005
  Couplings of heft
  ---------------------------------
  
        GC_27 =  -0.00000E+00  -0.28804E+00
        GC_28 =   0.00000E+00   0.28804E+00
        GC_29 =  -0.00000E+00  -0.27437E-01
        GC_30 =   0.00000E+00   0.82310E-01

 Collider parameters:
 --------------------

 Running at P P   machine @    8000.0000000000000       GeV
 PDF set = cteq6l1
 alpha_s(Mz)= 0.1300 running at 1 loops.
 alpha_s(Mz)= 0.1300 running at 1 loops.
 Renormalization scale set on event-by-event basis
 Factorization   scale set on event-by-event basis


 getting user params
Enter number of events and iterations: 
 Number of events and iterations         2000           9
Enter desired fractional accuracy: 
 Desired fractional accuracy:   -2.3521999999999998     
Enter 0 for fixed, 2 for adjustable grid: 
Suppress amplitude (0 no, 1 yes)? 
 Using suppressed amplitude.
Exact helicity sum (0 yes, n = number/event)? 
 Explicitly summing over helicities
Enter Configuration Number: 
Running Configuration Number:    1
 Not subdividing B.W.
 Attempting mappinvarients           1           4
 Completed mapping           4
 about to integrate            4        2000           9           4           1
 Using non-zero grid deformation.
  4 dimensions   2000 events  4 invarients  9 iterations  1 config(s),  (0.99)
 Using h-tuple random number sequence.
 Error opening grid
 Using Uniform Grid!
 Using uniform alpha   1.0000000000000000     
 Grid defined OK
 Mapping Graph           1  to config           1
 Setting PDF BW           3           1   91.188000000000002     
 Transforming s_hat BW    1.2992580224999999E-004   3.4785422385918756E-006
 Masses: 0.000E+00 0.000E+00 0.178E+01 0.178E+01
   1   1   2   3   4
 Got moffset           2
Using random seed offsets     1 :      1
  with seed      876400
 Ranmar initialization seeds        5854       15715
  Particle       3       4
      Et >    10.0    10.0
       E >     0.0     0.0
     Eta <     2.5     2.5
   xqcut:      0.0     0.0
d R # 3  >    -0.0     0.4
s min # 3>     0.0     0.0
xqcutij # 3>     0.0     0.0
 No cut BW           -1           1
 alpha_s for scale    90.662661357456912       is   0.13011925244479458     
 Added good helicity            5   1.1921782851226140E-004
 Added good helicity            6   3.8897842759978740     
 Added good helicity            7   9.9076031265819733     
 Added good helicity            8   1.1921782851226133E-004
 Added good helicity            9   2.1142142967111503E-005
 Added good helicity           10   1.1245459703113609     
 Added good helicity           11   1.0777859071658329     
 Added good helicity           12   2.1142142967111448E-005
 Added good helicity            5   6.0710451201136322E-005
 Added good helicity            6  0.70503982770211826     
 Added good helicity            7   14.971608328102077     
 Added good helicity            8   6.0710451201136579E-005
 Added good helicity            9   1.8367045969639589E-006
 Added good helicity           10  0.28990063855194298     
 Added good helicity           11   3.3326111332268780E-002
 Added good helicity           12   1.8367045969639655E-006
 Added good helicity            5   9.8139339066433815E-005
 Added good helicity            6   1.9068173655869998     
 Added good helicity            7   13.736858017921222     
 Added good helicity            8   9.8139339066434113E-005
 Added good helicity            9   2.9690600488067201E-006
 Added good helicity           10  0.26598938181683879     
 Added good helicity           11   9.0133017876712213E-002
 Added good helicity           12   2.9690600488067332E-006
 Added good helicity            5   6.8059754809744418E-005
 Added good helicity            6  0.97429767329472861     
 Added good helicity            7   13.251488595919916     
 Added good helicity            8   6.8059754809744500E-005
 Added good helicity            9   1.2069747322617773E-005
 Added good helicity           10   1.5040952269963928     
 Added good helicity           11  0.26995824478469571     
 Added good helicity           12   1.2069747322617713E-005
 Iteration  1   Mean: 0.4437E+03   Fluctuation:  0.979E+01   0.122E+04    41.5%
  1   0.4437E+03 +- 0.9793E+01      0.99
 Writing out events   5.9417946178875761E-002  0.98709862052532171     
 Relative summed weights:
  0.2301E+00  0.2237E+00  0.2586E+00  0.2875E+00
 Relative number of events:
  0.2550E+00  0.2530E+00  0.2380E+00  0.2540E+00
 Events:
         510         506         476         508
 Iteration  2   Mean: 0.4329E+03   Fluctuation:  0.546E+01   0.148E+04    66.4%
  2   0.4329E+03 +- 0.5459E+01      0.80
 Relative summed weights:
  0.2214E+00  0.2245E+00  0.2771E+00  0.2771E+00
 Relative number of events:
  0.2495E+00  0.2497E+00  0.2517E+00  0.2490E+00
 Events:
         998         999        1007         996
 Iteration  3   Mean: 0.4308E+03   Fluctuation:  0.361E+01   0.106E+04    69.5%
  3   0.4308E+03 +- 0.3610E+01      0.75
 Relative summed weights:
  0.2160E+00  0.2243E+00  0.2769E+00  0.2828E+00
 Relative number of events:
  0.2445E+00  0.2516E+00  0.2499E+00  0.2540E+00
 Events:
        1956        2013        1999        2032
 Found         1181  events.
 Wrote         1177  events.
 Correct xsec    432.55844505533889     
 Event xsec    432.55844505534276     
 Events wgts > 1:            0
 % Cross section > 1:    0.0000000000000000        0.0000000000000000     
 Checking number of events   1017.4639744591681             1177  chi2:   0.76755686024967074     

 -------------------------------------------------------------------------------
 Accumulated results:   Integral =  0.4326E+03
                        Std dev  =  0.2878E+01
             Chi**2 per DoF.     =      0.8003
 -------------------------------------------------------------------------------
-----------------------------------------------------
---------------------------
 Results Last 3 iters:  Integral =   0.4326E+03
                         Std dev =   0.2878E+01
                 Chi**2 per DoF. =      0.7676
-----------------------------------------------------
---------------------------
 Status  -2.3521999999999998                4           9
 We found enough events        1177   1017.4639744591681     
