 Full compression. Using symmetry and assuming B.W.
 Warning: parameter  nhel_survey  not found
          setting it to default value            0
 *****************************************************
 *               MadGraph/MadEvent                   *
 *        --------------------------------           *
 *          http://madgraph.hep.uiuc.edu             *
 *          http://madgraph.phys.ucl.ac.be           *
 *          http://madgraph.roma2.infn.it            *
 *        --------------------------------           *
 *                                                   *
 *          PARAMETER AND COUPLING VALUES            *
 *                                                   *
 *****************************************************

  External Params
  ---------------------------------
  
 aEWM1 =    132.50700000000001     
 Gf =    1.1663900000000000E-005
 aS =   0.11799999999999999     
 ymb =    4.2000000000000002     
 ymt =    164.50000000000000     
 ymtau =    1.7769999999999999     
 MT =    173.00000000000000     
 MB =    4.7000000000000002     
 MZ =    91.188000000000002     
 MH =    120.00000000000000     
 MTA =    1.7769999999999999     
 WT =    1.4915000000000000     
 WZ =    2.4414039999999999     
 WW =    2.0476000000000001     
 WH =    5.7530880000000000E-003
  Internal Params
  ---------------------------------
  
 sqrt__aS =   0.34351128074635334     
 G =    1.2177157847767195     
 CKM22 =    1.0000000000000000     
 complexi =  (  0.0000000000000000     ,  1.0000000000000000     )
 MZ__exp__2 =    8315.2513440000002     
 MZ__exp__4 =    69143404.913893819     
 sqrt__2 =    1.4142135623730951     
 MH__exp__2 =    14400.000000000000     
 aEW =    7.5467711139788835E-003
 MW =    80.419002445756163     
 sqrt__aEW =    8.6872153846781555E-002
 ee =   0.30795376724436879     
 MW__exp__2 =    6467.2159543705366     
 sw2 =   0.22224648578577760     
 cw =   0.88190334743339216     
 sqrt__sw2 =   0.47143025548407225     
 sw =   0.47143025548407225     
 g1 =   0.34919219678733304     
 gw =   0.65323293034758001     
 v =    246.21845810181634     
 v__exp__2 =    60623.529110035881     
 lam =   0.11876576810517751     
 yb =    2.4123686777011717E-002
 yt =   0.94484439876629223     
 ytau =    1.0206617000654719E-002
 muH =    84.852813742385706     
 gw__exp__2 =   0.42671326129048631     
 cw__exp__2 =   0.77775351421422234     
 ee__exp__2 =    9.4835522759998875E-002
 sw__exp__2 =   0.22224648578577760     
  Internal Params evaluated point by point
  ----------------------------------------
  
 G__exp__2 =    1.4828317324943818     
  Couplings of sm
  ---------------------------------
  
         GC_4 =  -0.12177E+01   0.00000E+00
         GC_5 =   0.00000E+00   0.12177E+01
 Checking for BW            1
 Checking for BW            2
 Checking for BW            1
 Checking for BW            2
