 Process in group number            0
 Warning: parameter  xmtcentral  not found
          setting it to default value    0.0000000000000000     
 Warning: parameter  d  not found
          setting it to default value    1.0000000000000000     
 Warning: parameter  fixed_couplings  not found
          setting it to default value  T
 Warning: parameter  lhaid   not found
          setting it to default value        10042
 A PDF is used, so alpha_s(MZ) is going to be modified
 Warning: parameter WH1 not found
          setting it to default value    5.7530880000000000E-003
 Old value of alpha_s from param_card:   0.11799999999999995     
 New value of alpha_s from PDF cteq6l1:  0.13000000000000000     
 Warning: parameter WH1 not found
          setting it to default value    5.7530880000000000E-003
 *****************************************************
 *               MadGraph/MadEvent                   *
 *        --------------------------------           *
 *          http://madgraph.hep.uiuc.edu             *
 *          http://madgraph.phys.ucl.ac.be           *
 *          http://madgraph.roma2.infn.it            *
 *        --------------------------------           *
 *                                                   *
 *          PARAMETER AND COUPLING VALUES            *
 *                                                   *
 *****************************************************

  External Params
  ---------------------------------
  
 MB =    4.7000000000000002     
 MT =    174.30000000000001     
 MTA =    1.7769999999999999     
 MZ =    91.188000000000002     
 MH =    135.00000000000000     
 aEWM1 =    132.50698000000000     
 Gf =    1.1663900000000000E-005
 aS =   0.11799999999999999     
 ymb =    4.2000000000000002     
 ymt =    164.50000000000000     
 ymtau =    1.7769999999999999     
 WT =    1.5083364900000000     
 WZ =    2.4414035100000002     
 WW =    2.0475995100000000     
 WH =    8.5559309500000003E-003
 WH1 =    5.7530880000000000E-003
  Internal Params
  ---------------------------------
  
 sqrt__aS =   0.34351128074635334     
 G =    1.2177157847767195     
 MP =    135.00000000000000     
 complexi =  (  0.0000000000000000     ,  1.0000000000000000     )
 MZ__exp__2 =    8315.2513440000002     
 MZ__exp__4 =    69143404.913893804     
 sqrt__2 =    1.4142135623730951     
 MH__exp__4 =    332150625.00000000     
 MT__exp__4 =    922974172.64010036     
 MH__exp__2 =    18225.000000000000     
 MT__exp__2 =    30380.490000000005     
 MH__exp__12 =    3.6644198070556425E+025
 MH__exp__10 =    2.0106555868618065E+021
 MH__exp__8 =    1.1032403768789062E+017
 MH__exp__6 =    6053445140625.0000     
 MT__exp__6 =    28040407622150.848     
 aEW =    7.5467722530541412E-003
 MW =    80.419000017663180     
 sqrt__aEW =    8.6872160402824916E-002
 ee =   0.30795379048493737     
 MW__exp__2 =    6467.2155638409104     
 sw2 =   0.22224653275124018     
 cw =   0.88190332080606193     
 sqrt__sw2 =   0.47143030529574587     
 sw =   0.47143030529574587     
 g1 =   0.34919223368324182     
 gw =   0.65323291062450139     
 v =    246.21845810181640     
 ee__exp__2 =    9.4835537074040702E-002
 MW__exp__12 =    7.3165108672445542E+022
 MW__exp__10 =    1.1313231784250661E+019
 MW__exp__8 =    1749320348544510.0     
 MW__exp__6 =    270490496454.95041     
 MW__exp__4 =    41824877.149186105     
 AH =    3.3356216321858061E-005
 v__exp__2 =    60623.529110035917     
 lam =   0.15031292525811521     
 yb =    2.4123686777011710E-002
 yt =   0.94484439876629189     
 ytau =    1.0206617000654715E-002
 muH =    95.459415460183919     
 gw__exp__2 =   0.42671323552295781     
 cw__exp__2 =   0.77775346724875982     
 sw__exp__2 =   0.22224653275124015     
  Internal Params evaluated point by point
  ----------------------------------------
  
 G__exp__2 =    1.4828317324943818     
 GH =   -5.2746764745514073E-005
 Gphi =   -8.0422328192236676E-005
  Couplings of heft
  ---------------------------------
  
        GC_27 =  -0.00000E+00  -0.28804E+00
        GC_28 =   0.00000E+00   0.28804E+00
        GC_29 =  -0.00000E+00  -0.27437E-01
        GC_30 =   0.00000E+00   0.82310E-01

 Collider parameters:
 --------------------

 Running at P P   machine @    8000.0000000000000       GeV
 PDF set = cteq6l1
 alpha_s(Mz)= 0.1300 running at 1 loops.
 alpha_s(Mz)= 0.1300 running at 1 loops.
 Renormalization scale set on event-by-event basis
 Factorization   scale set on event-by-event basis


 getting user params
Enter number of events and iterations: 
 Number of events and iterations         2000           9
Enter desired fractional accuracy: 
 Desired fractional accuracy:   -2.3521999999999998     
Enter 0 for fixed, 2 for adjustable grid: 
Suppress amplitude (0 no, 1 yes)? 
 Using suppressed amplitude.
Exact helicity sum (0 yes, n = number/event)? 
 Explicitly summing over helicities
Enter Configuration Number: 
Running Configuration Number:    1
 Not subdividing B.W.
 Attempting mappinvarients           1           4
 Completed mapping           4
 about to integrate            4        2000           9           4           1
 Using non-zero grid deformation.
  4 dimensions   2000 events  4 invarients  9 iterations  1 config(s),  (0.99)
 Using h-tuple random number sequence.
 Error opening grid
 Using Uniform Grid!
 Using uniform alpha   1.0000000000000000     
 Grid defined OK
 Mapping Graph           1  to config           1
 Setting PDF BW           3           1   91.188000000000002     
 Transforming s_hat BW    1.2992580224999999E-004   3.4785422385918756E-006
 Masses: 0.000E+00 0.000E+00 0.178E+01 0.178E+01
   1   1   2   3   4
 Got moffset          10
Using random seed offsets     1 :      1
  with seed      876400
 Ranmar initialization seeds        5854       10890
  Particle       3       4
      Et >    10.0    10.0
       E >     0.0     0.0
     Eta <     2.5     2.5
   xqcut:      0.0     0.0
d R # 3  >    -0.0     0.4
s min # 3>     0.0     0.0
xqcutij # 3>     0.0     0.0
 No cut BW           -1           1
 alpha_s for scale    95.061897708101938       is   0.12914768246461336     
 Added good helicity            5   1.1635711367198550E-004
 Added good helicity            6   5.5289688020663617     
 Added good helicity            7   8.0276397404273041     
 Added good helicity            8   1.1635711367198540E-004
 Added good helicity            9   2.0634822519356145E-005
 Added good helicity           10  0.91119238279938886     
 Added good helicity           11   1.5319250908345550     
 Added good helicity           12   2.0634822519356142E-005
 Added good helicity            5   1.2559096499336426E-004
 Added good helicity            6   11.134440732697131     
 Added good helicity            7   4.2565751285787083     
 Added good helicity            8   1.2559096499336424E-004
 Added good helicity            9   3.7995682485742380E-006
 Added good helicity           10   8.2422253482985708E-002
 Added good helicity           11  0.52630310417469250     
 Added good helicity           12   3.7995682485742159E-006
 Added good helicity            5   1.2400260271225484E-004
 Added good helicity            6   7.3760201028906085     
 Added good helicity            7   5.9092254094821488     
 Added good helicity            8   1.2400260271225511E-004
 Added good helicity            9   2.1990676961263279E-005
 Added good helicity           10  0.67072186547138302     
 Added good helicity           11   2.0437406355965115     
 Added good helicity           12   2.1990676961263293E-005
 Added good helicity            5   1.4792158892992568E-004
 Added good helicity            6   5.9778942889463771     
 Added good helicity            7   9.5542317770799556     
 Added good helicity            8   1.4792158892992549E-004
 Added good helicity            9   4.4751481335181128E-006
 Added good helicity           10  0.18499907388482154     
 Added good helicity           11  0.28257006661471973     
 Added good helicity           12   4.4751481335181128E-006
 Iteration  1   Mean: 0.4203E+03   Fluctuation:  0.933E+01   0.142E+04    40.1%
  1   0.4203E+03 +- 0.9331E+01      0.99
 Writing out events   5.8173081975254906E-002  0.99291684215941844     
 Relative summed weights:
  0.2092E+00  0.2429E+00  0.2849E+00  0.2631E+00
 Relative number of events:
  0.2335E+00  0.2670E+00  0.2600E+00  0.2395E+00
 Events:
         467         534         520         479
 Iteration  2   Mean: 0.4296E+03   Fluctuation:  0.529E+01   0.147E+04    68.7%
  2   0.4296E+03 +- 0.5289E+01      0.78
 Relative summed weights:
  0.2264E+00  0.2159E+00  0.2734E+00  0.2843E+00
 Relative number of events:
  0.2547E+00  0.2432E+00  0.2452E+00  0.2567E+00
 Events:
        1019         973         981        1027
 Iteration  3   Mean: 0.4282E+03   Fluctuation:  0.641E+01   0.430E+05    69.5%
  3   0.4282E+03 +- 0.6414E+01      1.34
 Relative summed weights:
  0.2337E+00  0.2183E+00  0.2765E+00  0.2715E+00
 Relative number of events:
  0.2525E+00  0.2492E+00  0.2509E+00  0.2474E+00
 Events:
        2020        1994        2007        1979
 Found         1128  events.
 Wrote           90  events.
 Correct xsec    427.70572795615294     
 Event xsec    427.70572795615294     
 Events wgts > 1:            0
 % Cross section > 1:    0.0000000000000000        0.0000000000000000     
 Checking number of events   1006.0494132984629               90  chi2:   0.38702988112489584     
 Found         1128  events.
 Wrote           71  events.
 Correct xsec    427.70572795615294     
 Event xsec    427.70572795615249     
 Events wgts > 1:            0
 % Cross section > 1:    0.0000000000000000        0.0000000000000000     
 Iteration  4   Mean: 0.4237E+03   Fluctuation:  0.264E+01   0.961E+03    64.6%
  4   0.4237E+03 +- 0.2643E+01      0.79
 Relative summed weights:
  0.2231E+00  0.2284E+00  0.2755E+00  0.2730E+00
 Relative number of events:
  0.2518E+00  0.2572E+00  0.2466E+00  0.2444E+00
 Events:
        4029        4116        3945        3910
 Found         2387  events.
 Wrote         2383  events.
 Correct xsec    425.32346850282403     
 Event xsec    425.32346850283926     
 Events wgts > 1:            0
 % Cross section > 1:    0.0000000000000000        0.0000000000000000     
 Checking number of events   1000.4458626123426             2383  chi2:   0.62090076250867821     

 -------------------------------------------------------------------------------
 Accumulated results:   Integral =  0.4251E+03
                        Std dev  =  0.2158E+01
             Chi**2 per DoF.     =      0.5094
 -------------------------------------------------------------------------------
-----------------------------------------------------
---------------------------
 Results Last 3 iters:  Integral =   0.4253E+03
                         Std dev =   0.2218E+01
                 Chi**2 per DoF. =      0.6209
-----------------------------------------------------
---------------------------
 Status  -2.3521999999999998                5           9
 We found enough events        2383   1000.4458626123426     
