
########################################
# Fit performed on 2015-11-01 11:49:54 #
########################################

###########
# Dataset #
###########

# axis 0: Energy in TeV
# datapoints
1.000000e+00
2.000000e+00
4.000000e+00
6.000000e+00
8.000000e+00
1.000000e+01
1.200000e+01
1.400000e+01

# axis 1: cross section in pb
# datapoints
5.400000e+01
4.710000e+02
1.111000e+03
1.761000e+03
2.391000e+03
3.039000e+03
3.714000e+03
4.340000e+03


################
# Fit function #
################

linear_2par(x; slope, y_intercept) = slope * x + y_intercept

##############
# Fit result #
##############

# value        error    correlations
# slope
3.2655e+02   8.04e-02   
# y_intercept
-2.1656e+02   6.73e-01   -0.851   

########################
# Final fit parameters #
########################

slope = 326.553 +- 0.08
y_intercept = -216.56 +- 0.67

###############
# Fit details #
###############

USING    ROOT::TMinuit
FCN/ndf  5.61e+03/6 = 934
EdM      3.47196e-15
UP       1
STA      Error matrix accurate

chi2prob 0.0
HYPTEST  rejected (sig. 5%)

