 Process in group number            0
 Warning: parameter  xmtcentral  not found
          setting it to default value    0.0000000000000000     
 Warning: parameter  d  not found
          setting it to default value    1.0000000000000000     
 Warning: parameter  fixed_couplings  not found
          setting it to default value  T
 Warning: parameter  lhaid   not found
          setting it to default value        10042
 A PDF is used, so alpha_s(MZ) is going to be modified
 Old value of alpha_s from param_card:   0.11799999999999995     
 New value of alpha_s from PDF cteq6l1:  0.13000000000000000     
 *****************************************************
 *               MadGraph/MadEvent                   *
 *        --------------------------------           *
 *          http://madgraph.hep.uiuc.edu             *
 *          http://madgraph.phys.ucl.ac.be           *
 *          http://madgraph.roma2.infn.it            *
 *        --------------------------------           *
 *                                                   *
 *          PARAMETER AND COUPLING VALUES            *
 *                                                   *
 *****************************************************

  External Params
  ---------------------------------
  
 aEWM1 =    132.50700000000001     
 Gf =    1.1663900000000000E-005
 aS =   0.11799999999999999     
 ymb =    4.2000000000000002     
 ymt =    164.50000000000000     
 ymtau =    1.7769999999999999     
 MT =    173.00000000000000     
 MB =    4.7000000000000002     
 MZ =    91.188000000000002     
 MH =    120.00000000000000     
 MTA =    1.7769999999999999     
 WT =    1.4915000000000000     
 WZ =    2.4414039999999999     
 WW =    2.0476000000000001     
 WH =    5.7530880000000000E-003
  Internal Params
  ---------------------------------
  
 sqrt__aS =   0.34351128074635334     
 G =    1.2177157847767195     
 CKM22 =    1.0000000000000000     
 complexi =  (  0.0000000000000000     ,  1.0000000000000000     )
 MZ__exp__2 =    8315.2513440000002     
 MZ__exp__4 =    69143404.913893819     
 sqrt__2 =    1.4142135623730951     
 MH__exp__2 =    14400.000000000000     
 aEW =    7.5467711139788835E-003
 MW =    80.419002445756163     
 sqrt__aEW =    8.6872153846781555E-002
 ee =   0.30795376724436879     
 MW__exp__2 =    6467.2159543705366     
 sw2 =   0.22224648578577760     
 cw =   0.88190334743339216     
 sqrt__sw2 =   0.47143025548407225     
 sw =   0.47143025548407225     
 g1 =   0.34919219678733304     
 gw =   0.65323293034758001     
 v =    246.21845810181634     
 v__exp__2 =    60623.529110035881     
 lam =   0.11876576810517751     
 yb =    2.4123686777011717E-002
 yt =   0.94484439876629223     
 ytau =    1.0206617000654719E-002
 muH =    84.852813742385706     
 gw__exp__2 =   0.42671326129048631     
 cw__exp__2 =   0.77775351421422234     
 ee__exp__2 =    9.4835522759998875E-002
 sw__exp__2 =   0.22224648578577760     
  Internal Params evaluated point by point
  ----------------------------------------
  
 G__exp__2 =    1.4828317324943818     
  Couplings of sm
  ---------------------------------
  
         GC_4 =  -0.12177E+01   0.00000E+00
         GC_5 =   0.00000E+00   0.12177E+01

 Collider parameters:
 --------------------

 Running at P P   machine @    14000.000000000000       GeV
 PDF set = cteq6l1
 alpha_s(Mz)= 0.1300 running at 1 loops.
 alpha_s(Mz)= 0.1300 running at 1 loops.
 Renormalization scale set on event-by-event basis
 Factorization   scale set on event-by-event basis


 getting user params
Enter number of events and iterations: 
 Number of events and iterations         2000           9
Enter desired fractional accuracy: 
 Desired fractional accuracy:   -2.1583999999999999     
Enter 0 for fixed, 2 for adjustable grid: 
Suppress amplitude (0 no, 1 yes)? 
 Using suppressed amplitude.
Exact helicity sum (0 yes, n = number/event)? 
 Explicitly summing over helicities
Enter Configuration Number: 
Running Configuration Number:    2
 Not subdividing B.W.
 Attempting mappinvarients           1           4
 Completed mapping           4
 about to integrate            4        2000           9           4           1
 Using non-zero grid deformation.
  4 dimensions   2000 events  4 invarients  9 iterations  1 config(s),  (0.99)
 Using h-tuple random number sequence.
 Error opening grid
 Using Uniform Grid!
 Using uniform alpha   1.0000000000000000     
 Grid defined OK
 Mapping Graph           2  to config           2
Setting grid   1    0.15270E-03   1
 Transforming s_hat 1/s            3   6.1079591836734693E-004
 Masses: 0.000E+00 0.000E+00 0.173E+03 0.173E+03
   2   1   2   3   4
 Got moffset           3
Using random seed offsets     2 :      1
  with seed      719900
 Ranmar initialization seeds       29841       18867
  Particle       3       4
      Et >     0.0     0.0
       E >     0.0     0.0
     Eta <   100.0   100.0
   xqcut:      0.0     0.0
d R # 3  >    -0.0     0.0
s min # 3>     0.0     0.0
xqcutij # 3>     0.0     0.0
 alpha_s for scale    250.19995237374081       is   0.11205877218146516     
 Added good helicity            1   3.7848176374284375     
 Added good helicity            2   1.4570868756045912E-005
 Added good helicity            3   1.4570868756046212E-005
 Added good helicity            4   9.8286083281226427E-002
 Added good helicity            5  0.66576608915745061     
 Added good helicity            6   1.3751096494586521     
 Added good helicity            7   1.4102253097792705     
 Added good helicity            8  0.66576608915745072     
 Added good helicity            9  0.66576608915745084     
 Added good helicity           10   1.4102253097792705     
 Added good helicity           11   1.3751096494586519     
 Added good helicity           12  0.66576608915745061     
 Added good helicity           13   9.8286083281226413E-002
 Added good helicity           14   1.4570868756045943E-005
 Added good helicity           15   1.4570868756045992E-005
 Added good helicity           16   3.7848176374284379     
 Iteration  1   Mean: 0.4334E+03   Fluctuation:  0.134E+02   0.476E+04    92.4%
  1   0.4334E+03 +- 0.1341E+02      1.38
 Writing out events   2.6066301250251705E-002   1.3835675341629516     
 Relative summed weights:
  0.5108E+00  0.0000E+00
  0.4892E+00  0.0000E+00
 Relative number of events:
  0.5075E+00  0.0000E+00
  0.4925E+00  0.0000E+00
 Events:
        1015           0
         985           0
 Iteration  2   Mean: 0.4245E+03   Fluctuation:  0.558E+01   0.167E+04    87.6%
  2   0.4245E+03 +- 0.5584E+01      0.83
 Relative summed weights:
  0.5037E+00  0.0000E+00
  0.4963E+00  0.0000E+00
 Relative number of events:
  0.5032E+00  0.0000E+00
  0.4968E+00  0.0000E+00
 Events:
        2013           0
        1987           0
 Iteration  3   Mean: 0.4296E+03   Fluctuation:  0.315E+01   0.114E+04    87.2%
  3   0.4296E+03 +- 0.3149E+01      0.66
 Relative summed weights:
  0.5041E+00  0.0000E+00
  0.4959E+00  0.0000E+00
 Relative number of events:
  0.5079E+00  0.0000E+00
  0.4921E+00  0.0000E+00
 Events:
        4063           0
        3937           0
 Found          984  events.
 Wrote          979  events.
 Correct xsec    428.62311614778332     
 Event xsec    428.62311614778895     
 Events wgts > 1:            0
 % Cross section > 1:    0.0000000000000000        0.0000000000000000     
 Checking number of events   925.14013389337549              979  chi2:   0.38846827729124833     

 -------------------------------------------------------------------------------
 Accumulated results:   Integral =  0.4286E+03
                        Std dev  =  0.2687E+01
             Chi**2 per DoF.     =      0.3849
 -------------------------------------------------------------------------------
-----------------------------------------------------
---------------------------
 Results Last 3 iters:  Integral =   0.4286E+03
                         Std dev =   0.2687E+01
                 Chi**2 per DoF. =      0.3885
-----------------------------------------------------
---------------------------
 Status  -2.1583999999999999                4           9
 We found enough events         979   925.14013389337549     
