 Process in group number            0
 Warning: parameter  xmtcentral  not found
          setting it to default value    0.0000000000000000     
 Warning: parameter  d  not found
          setting it to default value    1.0000000000000000     
 Warning: parameter  fixed_couplings  not found
          setting it to default value  T
 Warning: parameter  lhaid   not found
          setting it to default value        10042
 A PDF is used, so alpha_s(MZ) is going to be modified
 Warning: parameter WH1 not found
          setting it to default value    5.7530880000000000E-003
 Old value of alpha_s from param_card:   0.11799999999999995     
 New value of alpha_s from PDF cteq6l1:  0.13000000000000000     
 Warning: parameter WH1 not found
          setting it to default value    5.7530880000000000E-003
 *****************************************************
 *               MadGraph/MadEvent                   *
 *        --------------------------------           *
 *          http://madgraph.hep.uiuc.edu             *
 *          http://madgraph.phys.ucl.ac.be           *
 *          http://madgraph.roma2.infn.it            *
 *        --------------------------------           *
 *                                                   *
 *          PARAMETER AND COUPLING VALUES            *
 *                                                   *
 *****************************************************

  External Params
  ---------------------------------
  
 MB =    4.7000000000000002     
 MT =    174.30000000000001     
 MTA =    1.7769999999999999     
 MZ =    91.188000000000002     
 MH =    135.00000000000000     
 aEWM1 =    132.50698000000000     
 Gf =    1.1663900000000000E-005
 aS =   0.11799999999999999     
 ymb =    4.2000000000000002     
 ymt =    164.50000000000000     
 ymtau =    1.7769999999999999     
 WT =    1.5083364900000000     
 WZ =    2.4414035100000002     
 WW =    2.0475995100000000     
 WH =    8.5559309500000003E-003
 WH1 =    5.7530880000000000E-003
  Internal Params
  ---------------------------------
  
 sqrt__aS =   0.34351128074635334     
 G =    1.2177157847767195     
 MP =    135.00000000000000     
 complexi =  (  0.0000000000000000     ,  1.0000000000000000     )
 MZ__exp__2 =    8315.2513440000002     
 MZ__exp__4 =    69143404.913893804     
 sqrt__2 =    1.4142135623730951     
 MH__exp__4 =    332150625.00000000     
 MT__exp__4 =    922974172.64010036     
 MH__exp__2 =    18225.000000000000     
 MT__exp__2 =    30380.490000000005     
 MH__exp__12 =    3.6644198070556425E+025
 MH__exp__10 =    2.0106555868618065E+021
 MH__exp__8 =    1.1032403768789062E+017
 MH__exp__6 =    6053445140625.0000     
 MT__exp__6 =    28040407622150.848     
 aEW =    7.5467722530541412E-003
 MW =    80.419000017663180     
 sqrt__aEW =    8.6872160402824916E-002
 ee =   0.30795379048493737     
 MW__exp__2 =    6467.2155638409104     
 sw2 =   0.22224653275124018     
 cw =   0.88190332080606193     
 sqrt__sw2 =   0.47143030529574587     
 sw =   0.47143030529574587     
 g1 =   0.34919223368324182     
 gw =   0.65323291062450139     
 v =    246.21845810181640     
 ee__exp__2 =    9.4835537074040702E-002
 MW__exp__12 =    7.3165108672445542E+022
 MW__exp__10 =    1.1313231784250661E+019
 MW__exp__8 =    1749320348544510.0     
 MW__exp__6 =    270490496454.95041     
 MW__exp__4 =    41824877.149186105     
 AH =    3.3356216321858061E-005
 v__exp__2 =    60623.529110035917     
 lam =   0.15031292525811521     
 yb =    2.4123686777011710E-002
 yt =   0.94484439876629189     
 ytau =    1.0206617000654715E-002
 muH =    95.459415460183919     
 gw__exp__2 =   0.42671323552295781     
 cw__exp__2 =   0.77775346724875982     
 sw__exp__2 =   0.22224653275124015     
  Internal Params evaluated point by point
  ----------------------------------------
  
 G__exp__2 =    1.4828317324943818     
 GH =   -5.2746764745514073E-005
 Gphi =   -8.0422328192236676E-005
  Couplings of heft
  ---------------------------------
  
        GC_27 =  -0.00000E+00  -0.28804E+00
        GC_28 =   0.00000E+00   0.28804E+00
        GC_29 =  -0.00000E+00  -0.27437E-01
        GC_30 =   0.00000E+00   0.82310E-01

 Collider parameters:
 --------------------

 Running at P P   machine @    8000.0000000000000       GeV
 PDF set = cteq6l1
 alpha_s(Mz)= 0.1300 running at 1 loops.
 alpha_s(Mz)= 0.1300 running at 1 loops.
 Renormalization scale set on event-by-event basis
 Factorization   scale set on event-by-event basis


 getting user params
Enter number of events and iterations: 
 Number of events and iterations         2000           9
Enter desired fractional accuracy: 
 Desired fractional accuracy:   -2.3521999999999998     
Enter 0 for fixed, 2 for adjustable grid: 
Suppress amplitude (0 no, 1 yes)? 
 Using suppressed amplitude.
Exact helicity sum (0 yes, n = number/event)? 
 Explicitly summing over helicities
Enter Configuration Number: 
Running Configuration Number:    1
 Not subdividing B.W.
 Attempting mappinvarients           1           4
 Completed mapping           4
 about to integrate            4        2000           9           4           1
 Using non-zero grid deformation.
  4 dimensions   2000 events  4 invarients  9 iterations  1 config(s),  (0.99)
 Using h-tuple random number sequence.
 Error opening grid
 Using Uniform Grid!
 Using uniform alpha   1.0000000000000000     
 Grid defined OK
 Mapping Graph           1  to config           1
 Setting PDF BW           3           1   91.188000000000002     
 Transforming s_hat BW    1.2992580224999999E-004   3.4785422385918756E-006
 Masses: 0.000E+00 0.000E+00 0.178E+01 0.178E+01
   1   1   2   3   4
 Got moffset           5
Using random seed offsets     1 :      1
  with seed      876400
 Ranmar initialization seeds        5854       25186
  Particle       3       4
      Et >    10.0    10.0
       E >     0.0     0.0
     Eta <     2.5     2.5
   xqcut:      0.0     0.0
d R # 3  >    -0.0     0.4
s min # 3>     0.0     0.0
xqcutij # 3>     0.0     0.0
 No cut BW           -1           1
 alpha_s for scale    93.058576543051402       is   0.12958261409695848     
 Added good helicity            5   6.6747191739963509E-005
 Added good helicity            6   11.512826285610510     
 Added good helicity            7   1.1648669140766537     
 Added good helicity            8   6.6747191739963292E-005
 Added good helicity            9   1.1836976801455241E-005
 Added good helicity           10  0.13221860328868307     
 Added good helicity           11   3.1899310286870719     
 Added good helicity           12   1.1836976801455244E-005
 Added good helicity            5   6.4120272649757036E-005
 Added good helicity            6   11.716621078703223     
 Added good helicity            7  0.93108050522849761     
 Added good helicity            8   6.4120272649757171E-005
 Added good helicity            9   1.1371117796462034E-005
 Added good helicity           10  0.10568034194620679     
 Added good helicity           11   3.2464670913411782     
 Added good helicity           12   1.1371117796461996E-005
 Added good helicity            5   5.0342712752624540E-005
 Added good helicity            6  0.36605451094969393     
 Added good helicity            7   15.319907006577422     
 Added good helicity            8   5.0342712752624371E-005
 Added good helicity            9   1.5230440576045521E-006
 Added good helicity           10  0.29663113517877582     
 Added good helicity           11   1.7303615780490569E-002
 Added good helicity           12   1.5230440576045468E-006
 Added good helicity            5   6.7680075090880131E-005
 Added good helicity            6   14.253195251484273     
 Added good helicity            7   1.0525723500474840     
 Added good helicity            8   6.7680075090880253E-005
 Added good helicity            9   2.0475602236993387E-006
 Added good helicity           10   2.0381782109025092E-002
 Added good helicity           11  0.67371116108858664     
 Added good helicity           12   2.0475602236993374E-006
 Iteration  1   Mean: 0.4234E+03   Fluctuation:  0.939E+01   0.102E+04    40.0%
  1   0.4234E+03 +- 0.9388E+01      0.99
 Writing out events   5.8743572279580478E-002  0.99162245573481600     
 Relative summed weights:
  0.2190E+00  0.2288E+00  0.2694E+00  0.2828E+00
 Relative number of events:
  0.2465E+00  0.2530E+00  0.2470E+00  0.2535E+00
 Events:
         493         506         494         507
 Iteration  2   Mean: 0.4346E+03   Fluctuation:  0.529E+01   0.127E+04    69.3%
  2   0.4346E+03 +- 0.5293E+01      0.77
 Relative summed weights:
  0.2217E+00  0.2225E+00  0.2885E+00  0.2673E+00
 Relative number of events:
  0.2490E+00  0.2512E+00  0.2565E+00  0.2432E+00
 Events:
         996        1005        1026         973
 Iteration  3   Mean: 0.4278E+03   Fluctuation:  0.357E+01   0.102E+04    69.6%
  3   0.4278E+03 +- 0.3569E+01      0.75
 Relative summed weights:
  0.2226E+00  0.2195E+00  0.2785E+00  0.2794E+00
 Relative number of events:
  0.2505E+00  0.2476E+00  0.2506E+00  0.2512E+00
 Events:
        2004        1981        2005        2010
 Found         1143  events.
 Wrote         1139  events.
 Correct xsec    429.38974301731082     
 Event xsec    429.38974301730400     
 Events wgts > 1:            0
 % Cross section > 1:    0.0000000000000000        0.0000000000000000     
 Checking number of events   1010.0105535253184             1139  chi2:   0.79370095492082648     

 -------------------------------------------------------------------------------
 Accumulated results:   Integral =  0.4294E+03
                        Std dev  =  0.2823E+01
             Chi**2 per DoF.     =      0.7992
 -------------------------------------------------------------------------------
-----------------------------------------------------
---------------------------
 Results Last 3 iters:  Integral =   0.4294E+03
                         Std dev =   0.2823E+01
                 Chi**2 per DoF. =      0.7937
-----------------------------------------------------
---------------------------
 Status  -2.3521999999999998                4           9
 We found enough events        1139   1010.0105535253184     
