 Process in group number            0
 Warning: parameter  xmtcentral  not found
          setting it to default value    0.0000000000000000     
 Warning: parameter  d  not found
          setting it to default value    1.0000000000000000     
 Warning: parameter  fixed_couplings  not found
          setting it to default value  T
 Warning: parameter  lhaid   not found
          setting it to default value        10042
 A PDF is used, so alpha_s(MZ) is going to be modified
 Old value of alpha_s from param_card:   0.11799999999999995     
 New value of alpha_s from PDF cteq6l1:  0.13000000000000000     
 *****************************************************
 *               MadGraph/MadEvent                   *
 *        --------------------------------           *
 *          http://madgraph.hep.uiuc.edu             *
 *          http://madgraph.phys.ucl.ac.be           *
 *          http://madgraph.roma2.infn.it            *
 *        --------------------------------           *
 *                                                   *
 *          PARAMETER AND COUPLING VALUES            *
 *                                                   *
 *****************************************************

  External Params
  ---------------------------------
  
 aEWM1 =    132.50700000000001     
 Gf =    1.1663900000000000E-005
 aS =   0.11799999999999999     
 ymb =    4.2000000000000002     
 ymt =    164.50000000000000     
 ymtau =    1.7769999999999999     
 MT =    173.00000000000000     
 MB =    4.7000000000000002     
 MZ =    91.188000000000002     
 MH =    120.00000000000000     
 MTA =    1.7769999999999999     
 WT =    1.4915000000000000     
 WZ =    2.4414039999999999     
 WW =    2.0476000000000001     
 WH =    5.7530880000000000E-003
  Internal Params
  ---------------------------------
  
 sqrt__aS =   0.34351128074635334     
 G =    1.2177157847767195     
 CKM22 =    1.0000000000000000     
 complexi =  (  0.0000000000000000     ,  1.0000000000000000     )
 MZ__exp__2 =    8315.2513440000002     
 MZ__exp__4 =    69143404.913893804     
 sqrt__2 =    1.4142135623730951     
 MH__exp__2 =    14400.000000000000     
 aEW =    7.5467711139788835E-003
 MW =    80.419002445756163     
 sqrt__aEW =    8.6872153846781555E-002
 ee =   0.30795376724436879     
 MW__exp__2 =    6467.2159543705357     
 sw2 =   0.22224648578577766     
 cw =   0.88190334743339216     
 sqrt__sw2 =   0.47143025548407230     
 sw =   0.47143025548407230     
 g1 =   0.34919219678733299     
 gw =   0.65323293034757990     
 v =    246.21845810181637     
 v__exp__2 =    60623.529110035903     
 lam =   0.11876576810517747     
 yb =    2.4123686777011714E-002
 yt =   0.94484439876629200     
 ytau =    1.0206617000654717E-002
 muH =    84.852813742385706     
 gw__exp__2 =   0.42671326129048615     
 cw__exp__2 =   0.77775351421422245     
 ee__exp__2 =    9.4835522759998875E-002
 sw__exp__2 =   0.22224648578577769     
  Internal Params evaluated point by point
  ----------------------------------------
  
 G__exp__2 =    1.4828317324943818     
  Couplings of sm
  ---------------------------------
  
         GC_1 =  -0.00000E+00  -0.10265E+00
         GC_2 =   0.00000E+00   0.20530E+00
         GC_3 =  -0.00000E+00  -0.30795E+00
        GC_21 =  -0.00000E+00  -0.28804E+00
        GC_22 =   0.00000E+00   0.28804E+00
        GC_23 =  -0.00000E+00  -0.27437E-01
        GC_24 =   0.00000E+00   0.82310E-01

 Collider parameters:
 --------------------

 Running at P P   machine @    8000.0000000000000       GeV
 PDF set = cteq6l1
 alpha_s(Mz)= 0.1300 running at 1 loops.
 alpha_s(Mz)= 0.1300 running at 1 loops.
 Renormalization scale set on event-by-event basis
 Factorization   scale set on event-by-event basis


 getting user params
Enter number of events and iterations: 
 Number of events and iterations         2000           9
Enter desired fractional accuracy: 
 Desired fractional accuracy:   -3.0895999999999999     
Enter 0 for fixed, 2 for adjustable grid: 
Suppress amplitude (0 no, 1 yes)? 
 Using suppressed amplitude.
Exact helicity sum (0 yes, n = number/event)? 
 Explicitly summing over helicities
Enter Configuration Number: 
Running Configuration Number:    2
 Not subdividing B.W.
 Attempting mappinvarients           1           4
 Completed mapping           4
 about to integrate            4        2000           9           4           1
 Using non-zero grid deformation.
  4 dimensions   2000 events  4 invarients  9 iterations  1 config(s),  (0.99)
 Using h-tuple random number sequence.
 Error opening grid
 Using Uniform Grid!
 Using uniform alpha   1.0000000000000000     
 Grid defined OK
 Mapping Graph           2  to config           2
 Setting PDF BW           3           1   91.188000000000002     
 Transforming s_hat BW    1.2992580224999999E-004   3.4785429367500000E-006
 Masses: 0.000E+00 0.000E+00 0.000E+00 0.000E+00
   2   1   2   3   4
 Got moffset           5
Using random seed offsets     2 :      1
  with seed      782500
 Ranmar initialization seeds        2198       25183
  Particle       3       4
      Et >    30.0    30.0
       E >     0.0     0.0
     Eta <     2.5     2.5
   xqcut:      0.0     0.0
d R # 3  >    -0.0     0.4
s min # 3>     0.0  6400.0
xqcutij # 3>     0.0     0.0
 No cut BW           -1           1
 alpha_s for scale    89.748339266319121       is   0.13032899145715035     
 Added good helicity            6  0.42481984205619117     
 Added good helicity            7   15.308562220038477     
 Added good helicity           10  0.24354742696351522     
 Added good helicity           11   2.3070510941817522E-002
 Added good helicity            6   5.1124747294770261     
 Added good helicity            7   8.5219920192362526     
 Added good helicity           10  0.80335901290604683     
 Added good helicity           11   1.5621742383806747     
 Added good helicity            6   8.3861931508484222     
 Added good helicity            7   4.8229972062305624     
 Added good helicity           10  0.61455759935585352     
 Added good helicity           11   2.1762520435651624     
 Added good helicity            6  0.71827145725773089     
 Added good helicity            7   14.965026760592529     
 Added good helicity           10  0.28165425525773596     
 Added good helicity           11   3.5047526892003827E-002
 Iteration  1   Mean: 0.3135E+03   Fluctuation:  0.710E+01   0.794E+03    31.8%
  1   0.3135E+03 +- 0.7098E+01      1.01
 Writing out events   5.4755102388253353E-002   1.0124138860331997     
 Relative summed weights:
  0.2277E+00  0.2328E+00  0.2607E+00  0.2788E+00
 Relative number of events:
  0.2460E+00  0.2580E+00  0.2430E+00  0.2530E+00
 Events:
         492         516         486         506
 Iteration  2   Mean: 0.3210E+03   Fluctuation:  0.357E+01   0.670E+03    75.7%
  2   0.3210E+03 +- 0.3567E+01      0.70
 Relative summed weights:
  0.2302E+00  0.2163E+00  0.2732E+00  0.2802E+00
 Relative number of events:
  0.2575E+00  0.2430E+00  0.2475E+00  0.2520E+00
 Events:
        1030         972         990        1008
 Iteration  3   Mean: 0.3254E+03   Fluctuation:  0.359E+01   0.213E+05    76.7%
  3   0.3254E+03 +- 0.3591E+01      0.99
 Relative summed weights:
  0.2271E+00  0.2169E+00  0.2785E+00  0.2775E+00
 Relative number of events:
  0.2561E+00  0.2462E+00  0.2456E+00  0.2520E+00
 Events:
        2049        1970        1965        2016
 Found         1020  events.
 Wrote         1015  events.
 Correct xsec    322.15730016710137     
 Event xsec    322.15730016710461     
 Events wgts > 1:            1
 % Cross section > 1:    2.4124400027679958       0.74883915451136784     
 Checking number of events   995.33719459627639             1015  chi2:    1.1994410901312738     

 -------------------------------------------------------------------------------
 Accumulated results:   Integral =  0.3222E+03
                        Std dev  =  0.2384E+01
             Chi**2 per DoF.     =      1.1682
 -------------------------------------------------------------------------------
-----------------------------------------------------
---------------------------
 Results Last 3 iters:  Integral =   0.3222E+03
                         Std dev =   0.2384E+01
                 Chi**2 per DoF. =      1.1994
-----------------------------------------------------
---------------------------
 Status  -3.0895999999999999                4           9
 We found enough events        1015   995.33719459627639     
