 Full compression. Using symmetry and assuming B.W.
 Warning: parameter  nhel_survey  not found
          setting it to default value            0
 Warning: parameter WH1 not found
          setting it to default value    5.7530880000000000E-003
 *****************************************************
 *               MadGraph/MadEvent                   *
 *        --------------------------------           *
 *          http://madgraph.hep.uiuc.edu             *
 *          http://madgraph.phys.ucl.ac.be           *
 *          http://madgraph.roma2.infn.it            *
 *        --------------------------------           *
 *                                                   *
 *          PARAMETER AND COUPLING VALUES            *
 *                                                   *
 *****************************************************

  External Params
  ---------------------------------
  
 aEWM1 =    132.50698000000000     
 Gf =    1.1663900000000000E-005
 aS =   0.11799999999999999     
 ymb =    4.2000000000000002     
 ymt =    164.50000000000000     
 ymtau =    1.7769999999999999     
 MT =    174.30000000000001     
 MB =    4.7000000000000002     
 MZ =    91.188000000000002     
 MH =    135.00000000000000     
 MTA =    1.7769999999999999     
 WT =    1.5083364900000000     
 WZ =    2.4414035100000002     
 WW =    2.0475995100000000     
 WH =    8.5559309500000003E-003
 WH1 =    5.7530880000000000E-003
  Internal Params
  ---------------------------------
  
 sqrt__aS =   0.34351128074635334     
 G =    1.2177157847767195     
 MP =    135.00000000000000     
 complexi =  (  0.0000000000000000     ,  1.0000000000000000     )
 MZ__exp__2 =    8315.2513440000002     
 MZ__exp__4 =    69143404.913893804     
 sqrt__2 =    1.4142135623730951     
 MH__exp__4 =    332150625.00000000     
 MT__exp__4 =    922974172.64010036     
 MH__exp__2 =    18225.000000000000     
 MT__exp__2 =    30380.490000000005     
 MH__exp__12 =    3.6644198070556425E+025
 MH__exp__10 =    2.0106555868618065E+021
 MH__exp__8 =    1.1032403768789062E+017
 MH__exp__6 =    6053445140625.0000     
 MT__exp__6 =    28040407622150.848     
 aEW =    7.5467722530541412E-003
 MW =    80.419000017663180     
 sqrt__aEW =    8.6872160402824916E-002
 ee =   0.30795379048493737     
 MW__exp__2 =    6467.2155638409104     
 sw2 =   0.22224653275124018     
 cw =   0.88190332080606193     
 sqrt__sw2 =   0.47143030529574587     
 sw =   0.47143030529574587     
 g1 =   0.34919223368324182     
 gw =   0.65323291062450139     
 v =    246.21845810181640     
 ee__exp__2 =    9.4835537074040702E-002
 MW__exp__12 =    7.3165108672445542E+022
 MW__exp__10 =    1.1313231784250661E+019
 MW__exp__8 =    1749320348544510.0     
 MW__exp__6 =    270490496454.95041     
 MW__exp__4 =    41824877.149186105     
 AH =    3.3356216321858061E-005
 v__exp__2 =    60623.529110035917     
 lam =   0.15031292525811521     
 yb =    2.4123686777011710E-002
 yt =   0.94484439876629189     
 ytau =    1.0206617000654715E-002
 muH =    95.459415460183919     
 gw__exp__2 =   0.42671323552295781     
 cw__exp__2 =   0.77775346724875982     
 sw__exp__2 =   0.22224653275124015     
  Internal Params evaluated point by point
  ----------------------------------------
  
 G__exp__2 =    1.4828317324943818     
 GH =   -5.2746764745514073E-005
 Gphi =   -8.0422328192236676E-005
  Couplings of heft
  ---------------------------------
  
         GC_8 =   0.00000E+00   0.52747E-04
        GC_44 =  -0.00000E+00  -0.72172E-02
 Checking for BW            1
 Got bw          -1           1
 Checking for BW            1
 Got bw           1           1
