 Process in group number            0
 Warning: parameter  xmtcentral  not found
          setting it to default value    0.0000000000000000     
 Warning: parameter  d  not found
          setting it to default value    1.0000000000000000     
 Warning: parameter  fixed_couplings  not found
          setting it to default value  T
 Warning: parameter  lhaid   not found
          setting it to default value        10042
 A PDF is used, so alpha_s(MZ) is going to be modified
 Old value of alpha_s from param_card:   0.11799999999999995     
 New value of alpha_s from PDF cteq6l1:  0.13000000000000000     
 *****************************************************
 *               MadGraph/MadEvent                   *
 *        --------------------------------           *
 *          http://madgraph.hep.uiuc.edu             *
 *          http://madgraph.phys.ucl.ac.be           *
 *          http://madgraph.roma2.infn.it            *
 *        --------------------------------           *
 *                                                   *
 *          PARAMETER AND COUPLING VALUES            *
 *                                                   *
 *****************************************************

  External Params
  ---------------------------------
  
 aEWM1 =    132.50700000000001     
 Gf =    1.1663900000000000E-005
 aS =   0.11799999999999999     
 ymb =    4.2000000000000002     
 ymt =    164.50000000000000     
 ymtau =    1.7769999999999999     
 MT =    173.00000000000000     
 MB =    4.7000000000000002     
 MZ =    91.188000000000002     
 MH =    120.00000000000000     
 MTA =    1.7769999999999999     
 WT =    1.4915000000000000     
 WZ =    2.4414039999999999     
 WW =    2.0476000000000001     
 WH =    5.7530880000000000E-003
  Internal Params
  ---------------------------------
  
 sqrt__aS =   0.34351128074635334     
 G =    1.2177157847767195     
 CKM22 =    1.0000000000000000     
 complexi =  (  0.0000000000000000     ,  1.0000000000000000     )
 MZ__exp__2 =    8315.2513440000002     
 MZ__exp__4 =    69143404.913893804     
 sqrt__2 =    1.4142135623730951     
 MH__exp__2 =    14400.000000000000     
 aEW =    7.5467711139788835E-003
 MW =    80.419002445756163     
 sqrt__aEW =    8.6872153846781555E-002
 ee =   0.30795376724436879     
 MW__exp__2 =    6467.2159543705357     
 sw2 =   0.22224648578577766     
 cw =   0.88190334743339216     
 sqrt__sw2 =   0.47143025548407230     
 sw =   0.47143025548407230     
 g1 =   0.34919219678733299     
 gw =   0.65323293034757990     
 v =    246.21845810181637     
 v__exp__2 =    60623.529110035903     
 lam =   0.11876576810517747     
 yb =    2.4123686777011714E-002
 yt =   0.94484439876629200     
 ytau =    1.0206617000654717E-002
 muH =    84.852813742385706     
 gw__exp__2 =   0.42671326129048615     
 cw__exp__2 =   0.77775351421422245     
 ee__exp__2 =    9.4835522759998875E-002
 sw__exp__2 =   0.22224648578577769     
  Internal Params evaluated point by point
  ----------------------------------------
  
 G__exp__2 =    1.4828317324943818     
  Couplings of sm
  ---------------------------------
  
         GC_1 =  -0.00000E+00  -0.10265E+00
         GC_2 =   0.00000E+00   0.20530E+00
         GC_3 =  -0.00000E+00  -0.30795E+00
        GC_21 =  -0.00000E+00  -0.28804E+00
        GC_22 =   0.00000E+00   0.28804E+00
        GC_23 =  -0.00000E+00  -0.27437E-01
        GC_24 =   0.00000E+00   0.82310E-01

 Collider parameters:
 --------------------

 Running at P P   machine @    8000.0000000000000       GeV
 PDF set = cteq6l1
 alpha_s(Mz)= 0.1300 running at 1 loops.
 alpha_s(Mz)= 0.1300 running at 1 loops.
 Renormalization scale set on event-by-event basis
 Factorization   scale set on event-by-event basis


 getting user params
Enter number of events and iterations: 
 Number of events and iterations         2000           9
Enter desired fractional accuracy: 
 Desired fractional accuracy:   -3.0895999999999999     
Enter 0 for fixed, 2 for adjustable grid: 
Suppress amplitude (0 no, 1 yes)? 
 Using suppressed amplitude.
Exact helicity sum (0 yes, n = number/event)? 
 Explicitly summing over helicities
Enter Configuration Number: 
Running Configuration Number:    2
 Not subdividing B.W.
 Attempting mappinvarients           1           4
 Completed mapping           4
 about to integrate            4        2000           9           4           1
 Using non-zero grid deformation.
  4 dimensions   2000 events  4 invarients  9 iterations  1 config(s),  (0.99)
 Using h-tuple random number sequence.
 Error opening grid
 Using Uniform Grid!
 Using uniform alpha   1.0000000000000000     
 Grid defined OK
 Mapping Graph           2  to config           2
 Setting PDF BW           3           1   91.188000000000002     
 Transforming s_hat BW    1.2992580224999999E-004   3.4785429367500000E-006
 Masses: 0.000E+00 0.000E+00 0.000E+00 0.000E+00
   2   1   2   3   4
 Got moffset           8
Using random seed offsets     2 :      1
  with seed      782500
 Ranmar initialization seeds        2198        4573
  Particle       3       4
      Et >    30.0    30.0
       E >     0.0     0.0
     Eta <     2.5     2.5
   xqcut:      0.0     0.0
d R # 3  >    -0.0     0.4
s min # 3>     0.0  6400.0
xqcutij # 3>     0.0     0.0
 No cut BW           -1           1
 alpha_s for scale    90.855225308527892       is   0.13007543477492808     
 Added good helicity            6   2.9736618032382958     
 Added good helicity            7   10.970236678209037     
 Added good helicity           10   1.2132055460072266     
 Added good helicity           11  0.84289597254543802     
 Added good helicity            6   13.009036899340694     
 Added good helicity            7  0.64583210706994265     
 Added good helicity           10  0.11761779316112617     
 Added good helicity           11   2.2275132004282368     
 Added good helicity            6   3.6370097114155220     
 Added good helicity            7   11.972072388802452     
 Added good helicity           10  0.19770800837393876     
 Added good helicity           11  0.19320989140808695     
 Added good helicity            6   10.615668618715842     
 Added good helicity            7   4.7446449675059927     
 Added good helicity           10   7.9136822018585365E-002
 Added good helicity           11  0.56054959175957775     
 Iteration  1   Mean: 0.3246E+03   Fluctuation:  0.737E+01   0.794E+03    32.6%
  1   0.3246E+03 +- 0.7367E+01      1.01
 Writing out events   5.5242780003856164E-002   1.0149855639733927     
 Relative summed weights:
  0.2119E+00  0.2299E+00  0.2714E+00  0.2868E+00
 Relative number of events:
  0.2395E+00  0.2555E+00  0.2445E+00  0.2605E+00
 Events:
         479         511         489         521
 Iteration  2   Mean: 0.3280E+03   Fluctuation:  0.376E+01   0.642E+03    73.1%
  2   0.3280E+03 +- 0.3764E+01      0.73
 Relative summed weights:
  0.2155E+00  0.2345E+00  0.2699E+00  0.2801E+00
 Relative number of events:
  0.2420E+00  0.2600E+00  0.2465E+00  0.2515E+00
 Events:
         968        1040         986        1006
 Iteration  3   Mean: 0.3228E+03   Fluctuation:  0.251E+01   0.538E+03    74.6%
  3   0.3228E+03 +- 0.2514E+01      0.70
 Relative summed weights:
  0.2213E+00  0.2214E+00  0.2774E+00  0.2799E+00
 Relative number of events:
  0.2495E+00  0.2481E+00  0.2514E+00  0.2510E+00
 Events:
        1996        1985        2011        2008
 Found         1045  events.
 Wrote         1040  events.
 Correct xsec    324.44979517639666     
 Event xsec    324.44979517639689     
 Events wgts > 1:            0
 % Cross section > 1:    0.0000000000000000        0.0000000000000000     
 Checking number of events   1002.4200871769951             1040  chi2:   0.66386160595245514     

 -------------------------------------------------------------------------------
 Accumulated results:   Integral =  0.3244E+03
                        Std dev  =  0.2011E+01
             Chi**2 per DoF.     =      0.6715
 -------------------------------------------------------------------------------
-----------------------------------------------------
---------------------------
 Results Last 3 iters:  Integral =   0.3244E+03
                         Std dev =   0.2011E+01
                 Chi**2 per DoF. =      0.6639
-----------------------------------------------------
---------------------------
 Status  -3.0895999999999999                4           9
 We found enough events        1040   1002.4200871769951     
