 Process in group number            0
 Warning: parameter  xmtcentral  not found
          setting it to default value    0.0000000000000000     
 Warning: parameter  d  not found
          setting it to default value    1.0000000000000000     
 Warning: parameter  fixed_couplings  not found
          setting it to default value  T
 Warning: parameter  lhaid   not found
          setting it to default value        10042
 A PDF is used, so alpha_s(MZ) is going to be modified
 Old value of alpha_s from param_card:   0.11799999999999995     
 New value of alpha_s from PDF cteq6l1:  0.13000000000000000     
 *****************************************************
 *               MadGraph/MadEvent                   *
 *        --------------------------------           *
 *          http://madgraph.hep.uiuc.edu             *
 *          http://madgraph.phys.ucl.ac.be           *
 *          http://madgraph.roma2.infn.it            *
 *        --------------------------------           *
 *                                                   *
 *          PARAMETER AND COUPLING VALUES            *
 *                                                   *
 *****************************************************

  External Params
  ---------------------------------
  
 aEWM1 =    132.50700000000001     
 Gf =    1.1663900000000000E-005
 aS =   0.11799999999999999     
 ymb =    4.2000000000000002     
 ymt =    164.50000000000000     
 ymtau =    1.7769999999999999     
 MT =    173.00000000000000     
 MB =    4.7000000000000002     
 MZ =    91.188000000000002     
 MH =    120.00000000000000     
 MTA =    1.7769999999999999     
 WT =    1.4915000000000000     
 WZ =    2.4414039999999999     
 WW =    2.0476000000000001     
 WH =    5.7530880000000000E-003
  Internal Params
  ---------------------------------
  
 sqrt__aS =   0.34351128074635334     
 G =    1.2177157847767195     
 CKM22 =    1.0000000000000000     
 complexi =  (  0.0000000000000000     ,  1.0000000000000000     )
 MZ__exp__2 =    8315.2513440000002     
 MZ__exp__4 =    69143404.913893819     
 sqrt__2 =    1.4142135623730951     
 MH__exp__2 =    14400.000000000000     
 aEW =    7.5467711139788835E-003
 MW =    80.419002445756163     
 sqrt__aEW =    8.6872153846781555E-002
 ee =   0.30795376724436879     
 MW__exp__2 =    6467.2159543705366     
 sw2 =   0.22224648578577760     
 cw =   0.88190334743339216     
 sqrt__sw2 =   0.47143025548407225     
 sw =   0.47143025548407225     
 g1 =   0.34919219678733304     
 gw =   0.65323293034758001     
 v =    246.21845810181634     
 v__exp__2 =    60623.529110035881     
 lam =   0.11876576810517751     
 yb =    2.4123686777011717E-002
 yt =   0.94484439876629223     
 ytau =    1.0206617000654719E-002
 muH =    84.852813742385706     
 gw__exp__2 =   0.42671326129048631     
 cw__exp__2 =   0.77775351421422234     
 ee__exp__2 =    9.4835522759998875E-002
 sw__exp__2 =   0.22224648578577760     
  Internal Params evaluated point by point
  ----------------------------------------
  
 G__exp__2 =    1.4828317324943818     
  Couplings of sm
  ---------------------------------
  
         GC_4 =  -0.12177E+01   0.00000E+00
         GC_5 =   0.00000E+00   0.12177E+01

 Collider parameters:
 --------------------

 Running at P P   machine @    14000.000000000000       GeV
 PDF set = cteq6l1
 alpha_s(Mz)= 0.1300 running at 1 loops.
 alpha_s(Mz)= 0.1300 running at 1 loops.
 Renormalization scale set on event-by-event basis
 Factorization   scale set on event-by-event basis


 getting user params
Enter number of events and iterations: 
 Number of events and iterations         1000           5
Enter desired fractional accuracy: 
 Desired fractional accuracy:   0.10000000000000001     
Enter 0 for fixed, 2 for adjustable grid: 
Suppress amplitude (0 no, 1 yes)? 
 Using suppressed amplitude.
Exact helicity sum (0 yes, n = number/event)? 
 Explicitly summing over helicities
Enter Configuration Number: 
Running Configuration Number:    1
 Not subdividing B.W.
 Attempting mappinvarients           1           4
 Completed mapping           4
 about to integrate            4        1000           5           4           1
 Using non-zero grid deformation.
  4 dimensions   1000 events  4 invarients  5 iterations  1 config(s),  (0.99)
 Using h-tuple random number sequence.
 Error opening grid
 Using Uniform Grid!
 Using uniform alpha   1.0000000000000000     
 Grid defined OK
 Mapping Graph           1  to config           1
Setting grid   1    0.61080E-03   1
 Transforming s_hat 1/s            3   6.1079591836734693E-004
 Masses: 0.000E+00 0.000E+00 0.173E+03 0.173E+03
   1   1   2   3   4
Using random seed offsets     1 :      1
  with seed      719900
 Ranmar initialization seeds       29840        9396
  Particle       3       4
      Et >     0.0     0.0
       E >     0.0     0.0
     Eta <   100.0   100.0
   xqcut:      0.0     0.0
d R # 3  >    -0.0     0.0
s min # 3>     0.0     0.0
xqcutij # 3>     0.0     0.0
 alpha_s for scale    177.27430437988289       is   0.11759921586861496     
 Added good helicity            1   7.4102951672994131     
 Added good helicity            4  0.12237982592202437     
 Added good helicity            5   1.6127972446587549E-003
 Added good helicity            6  0.46406372524973749     
 Added good helicity            7   3.4405512656367729E-005
 Added good helicity            8   1.6127972446587555E-003
 Added good helicity            9   1.6127972446587555E-003
 Added good helicity           10   3.4405512656367736E-005
 Added good helicity           11  0.46406372524973732     
 Added good helicity           12   1.6127972446587549E-003
 Added good helicity           13  0.12237982592202437     
 Added good helicity           16   7.4102951672994122     
 Added good helicity            2   3.2474767810964844E-006
 Added good helicity            3   3.2474767810964239E-006
 Added good helicity           14   3.2474767810965755E-006
 Added good helicity           15   3.2474767810964497E-006
 Iteration  1   Mean: 0.5329E+02   Fluctuation:  0.458E+01   0.119E+04    99.9%
  1   0.5329E+02 +- 0.4581E+01      2.72
 Writing out events   1.0669246156471152E-002   2.7185171633221548     
 Relative summed weights:
  0.1000E+01  0.0000E+00
 Relative number of events:
  0.1000E+01  0.0000E+00
 Events:
        1000           0
 Iteration  2   Mean: 0.5052E+02   Fluctuation:  0.138E+01   0.355E+03   100.0%
  2   0.5052E+02 +- 0.1376E+01      1.22
 Relative summed weights:
  0.1000E+01  0.0000E+00
 Relative number of events:
  0.1000E+01  0.0000E+00
 Events:
        2000           0
 Iteration  3   Mean: 0.5280E+02   Fluctuation:  0.596E+00   0.201E+03   100.0%
  3   0.5280E+02 +- 0.5958E+00      0.71
 Relative summed weights:
  0.1000E+01  0.0000E+00
 Relative number of events:
  0.1000E+01  0.0000E+00
 Events:
        4000           0
 Accuracy:    0.011   0.100   0.010   1.107
 Finished due to accuracy    1.0886650311106404E-002  0.10000000000000001     

 -------------------------------------------------------------------------------
 Accumulated results:   Integral =  0.5248E+02
                        Std dev  =  0.5431E+00
             Chi**2 per DoF.     =      1.1066
 -------------------------------------------------------------------------------
 Found          433  events.
 Wrote          429  events.
 Correct xsec    52.479664524490580     
 Event xsec    52.479664524490168     
 Events wgts > 1:            0
 % Cross section > 1:    0.0000000000000000        0.0000000000000000     
-----------------------------------------------------
---------------------------
 Results Last 3 iters:  Integral =   0.5248E+02
                         Std dev =   0.5431E+00
                 Chi**2 per DoF. =      1.1789
-----------------------------------------------------
---------------------------
 Status  0.10000000000000001                4           5
