 Parameter aewm1                has been read with value 1.32506980E+02      
 Parameter gf                   has been read with value 1.16639000E-05      
 Parameter as                   has been read with value 1.18000000E-01      
 Parameter ymb                  has been read with value 4.20000000E+00      
 Parameter ymt                  has been read with value 1.64500000E+02      
 Parameter ymtau                has been read with value 1.77700000E+00      
 Parameter mb                   has been read with value 4.70000000E+00      
 Parameter mt                   has been read with value 1.74300000E+02      
 Parameter mta                  has been read with value 1.77700000E+00      
 Parameter mz                   has been read with value 9.11880000E+01      
 Parameter mh                   has been read with value 1.35000000E+02      
 Parameter wt                   has been read with value 1.50833649E+00      
 Parameter wz                   has been read with value 2.44140351E+00      
 Parameter ww                   has been read with value 2.04759951E+00      
 Parameter wh                   has been read with value 8.55593095E-03      
 Parameter aewm1                has been read with value 1.32506980E+02      
 Parameter gf                   has been read with value 1.16639000E-05      
 Parameter as                   has been read with value 1.18000000E-01      
 Parameter ymb                  has been read with value 4.20000000E+00      
 Parameter ymt                  has been read with value 1.64500000E+02      
 Parameter ymtau                has been read with value 1.77700000E+00      
 Parameter mb                   has been read with value 4.70000000E+00      
 Parameter mt                   has been read with value 1.74300000E+02      
 Parameter mta                  has been read with value 1.77700000E+00      
 Parameter mz                   has been read with value 9.11880000E+01      
 Parameter mh                   has been read with value 1.35000000E+02      
 Parameter wt                   has been read with value 1.50833649E+00      
 Parameter wz                   has been read with value 2.44140351E+00      
 Parameter ww                   has been read with value 2.04759951E+00      
 Parameter wh                   has been read with value 8.55593095E-03      
