This file contains any messages produced by compilers while
running configure, to aid debugging if configure makes a mistake.

It was created by LHAPDF configure 4.2, which was
generated by GNU Autoconf 2.59.  Invocation command line was

  $ ./configure --prefix=/home/praktikant/MadGraph5_v1_3_20/pythia-pgs/libraries/lhapdf --datadir=/home/praktikant/MadGraph5_v1_3_20/pythia-pgs/src

## --------- ##
## Platform. ##
## --------- ##

hostname = vmRNP11
uname -m = i686
uname -r = 2.6.38-11-generic
uname -s = Linux
uname -v = #50-Ubuntu SMP Mon Sep 12 21:18:14 UTC 2011

/usr/bin/uname -p = unknown
/bin/uname -X     = unknown

/bin/arch              = unknown
/usr/bin/arch -k       = unknown
/usr/convex/getsysinfo = unknown
hostinfo               = unknown
/bin/machine           = unknown
/usr/bin/oslevel       = unknown
/bin/universe          = unknown

PATH: /usr/local/sbin
PATH: /usr/local/bin
PATH: /usr/sbin
PATH: /usr/bin
PATH: /sbin
PATH: /bin
PATH: /usr/games


## ----------- ##
## Core tests. ##
## ----------- ##

configure:1298: checking for a BSD-compatible install
configure:1353: result: /usr/bin/install -c
configure:1364: checking whether build environment is sane
configure:1407: result: yes
configure:1472: checking for gawk
configure:1501: result: no
configure:1472: checking for mawk
configure:1488: found /usr/bin/mawk
configure:1498: result: mawk
configure:1508: checking whether make sets $(MAKE)
configure:1528: result: yes
configure:1759: checking for g77
configure:1775: found /usr/local/bin/g77
configure:1785: result: g77
configure:1800: checking for Fortran 77 compiler version
configure:1803: g77 --version </dev/null >&5
GNU Fortran (Ubuntu/Linaro 4.5.2-8ubuntu4) 4.5.2
Copyright (C) 2010 Free Software Foundation, Inc.

GNU Fortran comes with NO WARRANTY, to the extent permitted by law.
You may redistribute copies of GNU Fortran
under the terms of the GNU General Public License.
For more information about these matters, see the file named COPYING

configure:1806: $? = 0
configure:1808: g77 -v </dev/null >&5
Using built-in specs.
COLLECT_GCC=g77
COLLECT_LTO_WRAPPER=/usr/lib/i386-linux-gnu/gcc/i686-linux-gnu/4.5.2/lto-wrapper
Target: i686-linux-gnu
Configured with: ../src/configure -v --with-pkgversion='Ubuntu/Linaro 4.5.2-8ubuntu4' --with-bugurl=file:///usr/share/doc/gcc-4.5/README.Bugs --enable-languages=c,c++,fortran,objc,obj-c++ --prefix=/usr --program-suffix=-4.5 --enable-shared --enable-multiarch --with-multiarch-defaults=i386-linux-gnu --enable-linker-build-id --with-system-zlib --libexecdir=/usr/lib/i386-linux-gnu --without-included-gettext --enable-threads=posix --with-gxx-include-dir=/usr/include/c++/4.5 --libdir=/usr/lib/i386-linux-gnu --enable-nls --with-sysroot=/ --enable-clocale=gnu --enable-libstdcxx-debug --enable-libstdcxx-time=yes --enable-plugin --enable-gold --enable-ld=default --with-plugin-ld=ld.gold --enable-objc-gc --enable-targets=all --disable-werror --with-arch-32=i686 --with-tune=generic --enable-checking=release --build=i686-linux-gnu --host=i686-linux-gnu --target=i686-linux-gnu
Thread model: posix
gcc version 4.5.2 (Ubuntu/Linaro 4.5.2-8ubuntu4) 
configure:1811: $? = 0
configure:1813: g77 -V </dev/null >&5
g77: '-V' option must have argument
configure:1816: $? = 1
configure:1830: checking for Fortran 77 compiler default output file name
configure:1833: g77   conftest.f  >&5
configure:1836: $? = 0
configure:1882: result: a.out
configure:1887: checking whether the Fortran 77 compiler works
configure:1893: ./a.out
configure:1896: $? = 0
configure:1913: result: yes
configure:1920: checking whether we are cross compiling
configure:1922: result: no
configure:1925: checking for suffix of executables
configure:1927: g77 -o conftest   conftest.f  >&5
configure:1930: $? = 0
configure:1955: result: 
configure:1961: checking for suffix of object files
configure:1972: g77 -c  conftest.f >&5
configure:1975: $? = 0
configure:1997: result: o
configure:2005: checking whether we are using the GNU Fortran 77 compiler
configure:2019: g77 -c  conftest.F >&5
configure:2025: $? = 0
configure:2029: test -z 
			 || test ! -s conftest.err
configure:2032: $? = 0
configure:2035: test -s conftest.o
configure:2038: $? = 0
configure:2051: result: yes
configure:2057: checking whether g77 accepts -g
configure:2069: g77 -c -g conftest.f >&5
configure:2075: $? = 0
configure:2079: test -z 
			 || test ! -s conftest.err
configure:2082: $? = 0
configure:2085: test -s conftest.o
configure:2088: $? = 0
configure:2100: result: yes
configure:2165: checking for ranlib
configure:2181: found /usr/bin/ranlib
configure:2192: result: ranlib
configure:2217: checking for a BSD-compatible install
configure:2272: result: /usr/bin/install -c
configure:2283: checking whether make sets $(MAKE)
configure:2303: result: yes
configure:2312: checking whether ln -s works
configure:2316: result: yes
configure:2456: creating ./config.status

## ---------------------- ##
## Running config.status. ##
## ---------------------- ##

This file was extended by LHAPDF config.status 4.2, which was
generated by GNU Autoconf 2.59.  Invocation command line was

  CONFIG_FILES    = 
  CONFIG_HEADERS  = 
  CONFIG_LINKS    = 
  CONFIG_COMMANDS = 
  $ ./config.status 

on vmRNP11

config.status:672: creating src/Makefile
config.status:672: creating Makefile
config.status:672: creating src/lhapdf-config
config.status:776: creating config/config.h
config.status:862: config/config.h is unchanged

## ---------------- ##
## Cache variables. ##
## ---------------- ##

ac_cv_env_F77_set=
ac_cv_env_F77_value=
ac_cv_env_FFLAGS_set=
ac_cv_env_FFLAGS_value=
ac_cv_env_LDFLAGS_set=
ac_cv_env_LDFLAGS_value=
ac_cv_env_build_alias_set=
ac_cv_env_build_alias_value=
ac_cv_env_host_alias_set=
ac_cv_env_host_alias_value=
ac_cv_env_target_alias_set=
ac_cv_env_target_alias_value=
ac_cv_exeext=
ac_cv_f77_compiler_gnu=yes
ac_cv_objext=o
ac_cv_path_install='/usr/bin/install -c'
ac_cv_prog_AWK=mawk
ac_cv_prog_ac_ct_F77=g77
ac_cv_prog_ac_ct_RANLIB=ranlib
ac_cv_prog_f77_g=yes
ac_cv_prog_make_make_set=yes

## ----------------- ##
## Output variables. ##
## ----------------- ##

ACLOCAL='${SHELL} /home/praktikant/MadGraph5_v1_3_20/pythia-pgs/libraries/lhapdf/config/missing --run aclocal-1.9'
AMTAR='${SHELL} /home/praktikant/MadGraph5_v1_3_20/pythia-pgs/libraries/lhapdf/config/missing --run tar'
AUTOCONF='${SHELL} /home/praktikant/MadGraph5_v1_3_20/pythia-pgs/libraries/lhapdf/config/missing --run autoconf'
AUTOHEADER='${SHELL} /home/praktikant/MadGraph5_v1_3_20/pythia-pgs/libraries/lhapdf/config/missing --run autoheader'
AUTOMAKE='${SHELL} /home/praktikant/MadGraph5_v1_3_20/pythia-pgs/libraries/lhapdf/config/missing --run automake-1.9'
AWK='mawk'
CYGPATH_W='echo'
DEFS='-DHAVE_CONFIG_H'
ECHO_C=''
ECHO_N='-n'
ECHO_T=''
EVLCTEQ_FALSE=''
EVLCTEQ_TRUE='#'
EXEEXT=''
F77='g77'
FFLAGS='-O'
INSTALL_DATA='${INSTALL} -m 644'
INSTALL_PROGRAM='${INSTALL}'
INSTALL_SCRIPT='${INSTALL}'
INSTALL_STRIP_PROGRAM='${SHELL} $(install_sh) -c -s'
LDFLAGS=''
LIBOBJS=''
LIBS=''
LN_S='ln -s'
LTLIBOBJS=''
MAKEINFO='${SHELL} /home/praktikant/MadGraph5_v1_3_20/pythia-pgs/libraries/lhapdf/config/missing --run makeinfo'
OBJEXT='o'
PACKAGE='lhapdf'
PACKAGE_BUGREPORT='lhapdf@cedar.ac.uk'
PACKAGE_NAME='LHAPDF'
PACKAGE_STRING='LHAPDF 4.2'
PACKAGE_TARNAME='lhapdf'
PACKAGE_VERSION='4.2'
PATH_SEPARATOR=':'
RANLIB='ranlib'
SET_MAKE=''
SHELL='/bin/bash'
STRIP=''
VERSION='4.2'
ac_ct_F77='g77'
ac_ct_RANLIB='ranlib'
ac_ct_STRIP=''
am__leading_dot='.'
am__tar='${AMTAR} chof - "$$tardir"'
am__untar='${AMTAR} xf -'
bindir='${exec_prefix}/bin'
build_alias=''
datadir='/home/praktikant/MadGraph5_v1_3_20/pythia-pgs/src'
exec_prefix='${prefix}'
host_alias=''
includedir='${prefix}/include'
infodir='${prefix}/info'
install_sh='/home/praktikant/MadGraph5_v1_3_20/pythia-pgs/libraries/lhapdf/config/install-sh'
libdir='${exec_prefix}/lib'
libexecdir='${exec_prefix}/libexec'
localstatedir='${prefix}/var'
mandir='${prefix}/man'
mkdir_p='mkdir -p --'
oldincludedir='/usr/include'
prefix='/home/praktikant/MadGraph5_v1_3_20/pythia-pgs/libraries/lhapdf'
program_transform_name='s,x,x,'
sbindir='${exec_prefix}/sbin'
sharedstatedir='${prefix}/com'
sysconfdir='${prefix}/etc'
target_alias=''

## ----------- ##
## confdefs.h. ##
## ----------- ##

#define PACKAGE "lhapdf"
#define PACKAGE_BUGREPORT "lhapdf@cedar.ac.uk"
#define PACKAGE_NAME "LHAPDF"
#define PACKAGE_STRING "LHAPDF 4.2"
#define PACKAGE_TARNAME "lhapdf"
#define PACKAGE_VERSION "4.2"
#define VERSION "4.2"

configure: exit 0
